{"meta": {"format": 3, "version": "7.14.3", "timestamp": "2026-06-27T02:47:58.500977", "branch_coverage": false, "show_contexts": false}, "files": {"bblean/__init__.py": {"executed_lines": [7, 8, 9, 10, 11, 13], "summary": {"covered_lines": 6, "num_statements": 6, "percent_covered": 100.0, "percent_covered_display": "100", "missing_lines": 0, "excluded_lines": 0, "percent_statements_covered": 100.0, "percent_statements_covered_display": "100"}, "missing_lines": [], "excluded_lines": [], "functions": {"": {"executed_lines": [7, 8, 9, 10, 11, 13], "summary": {"covered_lines": 6, "num_statements": 6, "percent_covered": 100.0, "percent_covered_display": "100", "missing_lines": 0, "excluded_lines": 0, "percent_statements_covered": 100.0, "percent_statements_covered_display": "100"}, "missing_lines": [], "excluded_lines": [], "start_line": 1}}, "classes": {"": {"executed_lines": [7, 8, 9, 10, 11, 13], "summary": {"covered_lines": 6, "num_statements": 6, "percent_covered": 100.0, "percent_covered_display": "100", "missing_lines": 0, "excluded_lines": 0, "percent_statements_covered": 100.0, "percent_statements_covered_display": "100"}, "missing_lines": [], "excluded_lines": [], "start_line": 1}}}, "bblean/_config.py": {"executed_lines": [3, 4, 5, 6, 7, 8, 9, 10, 12, 14, 15, 22, 23, 24, 25, 26, 27, 28, 29, 30, 31, 34, 36, 39, 42, 43, 44, 46, 47, 48, 49, 50, 51, 52, 53, 55, 60, 61], "summary": {"covered_lines": 38, "num_statements": 40, "percent_covered": 95.0, "percent_covered_display": "95", "missing_lines": 2, "excluded_lines": 0, "percent_statements_covered": 95.0, "percent_statements_covered_display": "95"}, "missing_lines": [56, 57], "excluded_lines": [], "functions": {"collect_system_specs_and_dump_config": {"executed_lines": [42, 43, 44, 46, 47, 48, 49, 50, 51, 52, 53, 55, 60, 61], "summary": {"covered_lines": 14, "num_statements": 16, "percent_covered": 87.5, "percent_covered_display": "88", "missing_lines": 2, "excluded_lines": 0, "percent_statements_covered": 87.5, "percent_statements_covered_display": "88"}, "missing_lines": [56, 57], "excluded_lines": [], "start_line": 39}, "": {"executed_lines": [3, 4, 5, 6, 7, 8, 9, 10, 12, 14, 15, 22, 23, 24, 25, 26, 27, 28, 29, 30, 31, 34, 36, 39], "summary": {"covered_lines": 24, "num_statements": 24, "percent_covered": 100.0, "percent_covered_display": "100", "missing_lines": 0, "excluded_lines": 0, "percent_statements_covered": 100.0, "percent_statements_covered_display": "100"}, "missing_lines": [], "excluded_lines": [], "start_line": 1}}, "classes": {"BitBirchConfig": {"executed_lines": [], "summary": {"covered_lines": 0, "num_statements": 0, "percent_covered": 100.0, "percent_covered_display": "100", "missing_lines": 0, "excluded_lines": 0, "percent_statements_covered": 100.0, "percent_statements_covered_display": "100"}, "missing_lines": [], "excluded_lines": [], "start_line": 23}, "": {"executed_lines": [3, 4, 5, 6, 7, 8, 9, 10, 12, 14, 15, 22, 23, 24, 25, 26, 27, 28, 29, 30, 31, 34, 36, 39, 42, 43, 44, 46, 47, 48, 49, 50, 51, 52, 53, 55, 60, 61], "summary": {"covered_lines": 38, "num_statements": 40, "percent_covered": 95.0, "percent_covered_display": "95", "missing_lines": 2, "excluded_lines": 0, "percent_statements_covered": 95.0, "percent_statements_covered_display": "95"}, "missing_lines": [56, 57], "excluded_lines": [], "start_line": 1}}}, "bblean/_console.py": {"executed_lines": [3, 4, 5, 6, 7, 9, 11, 14, 15, 16, 18, 25, 26, 27, 28, 39, 40, 41, 42, 46, 47, 48, 49, 50, 51, 62, 63, 64, 65, 67, 83, 87, 91, 95, 97, 100, 102, 103, 108, 109, 110, 111, 112, 113, 125, 128, 129, 130, 131, 132, 133, 134, 139, 140, 144, 148, 152, 156, 159, 160, 161, 163, 164, 166, 167, 169, 170, 171, 172, 174, 175, 177, 180, 181, 184, 185, 186, 187], "summary": {"covered_lines": 78, "num_statements": 96, "percent_covered": 81.25, "percent_covered_display": "81", "missing_lines": 18, "excluded_lines": 0, "percent_statements_covered": 81.25, "percent_statements_covered_display": "81"}, "missing_lines": [17, 43, 44, 66, 68, 71, 72, 77, 78, 79, 84, 88, 92, 101, 135, 145, 149, 153], "excluded_lines": [], "functions": {"BBConsole.print_banner": {"executed_lines": [16, 18, 25, 26, 27, 28], "summary": {"covered_lines": 6, "num_statements": 7, "percent_covered": 85.71428571428571, "percent_covered_display": "86", "missing_lines": 1, "excluded_lines": 0, "percent_statements_covered": 85.71428571428571, "percent_statements_covered_display": "86"}, "missing_lines": [17], "excluded_lines": [], "start_line": 15}, "BBConsole.print_peak_mem": {"executed_lines": [40, 41, 42], "summary": {"covered_lines": 3, "num_statements": 5, "percent_covered": 60.0, "percent_covered_display": "60", "missing_lines": 2, "excluded_lines": 0, "percent_statements_covered": 60.0, "percent_statements_covered_display": "60"}, "missing_lines": [43, 44], "excluded_lines": [], "start_line": 39}, "BBConsole.print_config": {"executed_lines": [47, 48, 49, 50, 51, 62, 63, 64, 65, 67, 83, 87, 91, 95], "summary": {"covered_lines": 14, "num_statements": 24, "percent_covered": 58.333333333333336, "percent_covered_display": "58", "missing_lines": 10, "excluded_lines": 0, "percent_statements_covered": 58.333333333333336, "percent_statements_covered_display": "58"}, "missing_lines": [66, 68, 71, 72, 77, 78, 79, 84, 88, 92], "excluded_lines": [], "start_line": 46}, "BBConsole.print_multiround_config": {"executed_lines": [100, 102, 103, 108, 109, 110, 111, 112, 113, 125, 128, 129, 130, 131, 132, 133, 134, 139, 140, 144, 148, 152, 156], "summary": {"covered_lines": 23, "num_statements": 28, "percent_covered": 82.14285714285714, "percent_covered_display": "82", "missing_lines": 5, "excluded_lines": 0, "percent_statements_covered": 82.14285714285714, "percent_statements_covered_display": "82"}, "missing_lines": [101, 135, 145, 149, 153], "excluded_lines": [], "start_line": 97}, "SilentConsole.print": {"executed_lines": [161], "summary": {"covered_lines": 1, "num_statements": 1, "percent_covered": 100.0, "percent_covered_display": "100", "missing_lines": 0, "excluded_lines": 0, "percent_statements_covered": 100.0, "percent_statements_covered_display": "100"}, "missing_lines": [], "excluded_lines": [], "start_line": 160}, "SilentConsole.print_peak_mem": {"executed_lines": [164], "summary": {"covered_lines": 1, "num_statements": 1, "percent_covered": 100.0, "percent_covered_display": "100", "missing_lines": 0, "excluded_lines": 0, "percent_statements_covered": 100.0, "percent_statements_covered_display": "100"}, "missing_lines": [], "excluded_lines": [], "start_line": 163}, "SilentConsole.print_banner": {"executed_lines": [167], "summary": {"covered_lines": 1, "num_statements": 1, "percent_covered": 100.0, "percent_covered_display": "100", "missing_lines": 0, "excluded_lines": 0, "percent_statements_covered": 100.0, "percent_statements_covered_display": "100"}, "missing_lines": [], "excluded_lines": [], "start_line": 166}, "SilentConsole.status": {"executed_lines": [170, 171, 174, 177], "summary": {"covered_lines": 4, "num_statements": 4, "percent_covered": 100.0, "percent_covered_display": "100", "missing_lines": 0, "excluded_lines": 0, "percent_statements_covered": 100.0, "percent_statements_covered_display": "100"}, "missing_lines": [], "excluded_lines": [], "start_line": 169}, "SilentConsole.status.DummyStatus.__enter__": {"executed_lines": [172], "summary": {"covered_lines": 1, "num_statements": 1, "percent_covered": 100.0, "percent_covered_display": "100", "missing_lines": 0, "excluded_lines": 0, "percent_statements_covered": 100.0, "percent_statements_covered_display": "100"}, "missing_lines": [], "excluded_lines": [], "start_line": 171}, "SilentConsole.status.DummyStatus.__exit__": {"executed_lines": [175], "summary": {"covered_lines": 1, "num_statements": 1, "percent_covered": 100.0, "percent_covered_display": "100", "missing_lines": 0, "excluded_lines": 0, "percent_statements_covered": 100.0, "percent_statements_covered_display": "100"}, "missing_lines": [], "excluded_lines": [], "start_line": 174}, "get_console": {"executed_lines": [185, 186, 187], "summary": {"covered_lines": 3, "num_statements": 3, "percent_covered": 100.0, "percent_covered_display": "100", "missing_lines": 0, "excluded_lines": 0, "percent_statements_covered": 100.0, "percent_statements_covered_display": "100"}, "missing_lines": [], "excluded_lines": [], "start_line": 184}, "": {"executed_lines": [3, 4, 5, 6, 7, 9, 11, 14, 15, 39, 46, 97, 159, 160, 163, 166, 169, 180, 181, 184], "summary": {"covered_lines": 20, "num_statements": 20, "percent_covered": 100.0, "percent_covered_display": "100", "missing_lines": 0, "excluded_lines": 0, "percent_statements_covered": 100.0, "percent_statements_covered_display": "100"}, "missing_lines": [], "excluded_lines": [], "start_line": 1}}, "classes": {"BBConsole": {"executed_lines": [16, 18, 25, 26, 27, 28, 40, 41, 42, 47, 48, 49, 50, 51, 62, 63, 64, 65, 67, 83, 87, 91, 95, 100, 102, 103, 108, 109, 110, 111, 112, 113, 125, 128, 129, 130, 131, 132, 133, 134, 139, 140, 144, 148, 152, 156], "summary": {"covered_lines": 46, "num_statements": 64, "percent_covered": 71.875, "percent_covered_display": "72", "missing_lines": 18, "excluded_lines": 0, "percent_statements_covered": 71.875, "percent_statements_covered_display": "72"}, "missing_lines": [17, 43, 44, 66, 68, 71, 72, 77, 78, 79, 84, 88, 92, 101, 135, 145, 149, 153], "excluded_lines": [], "start_line": 14}, "SilentConsole": {"executed_lines": [161, 164, 167, 170, 171, 174, 177], "summary": {"covered_lines": 7, "num_statements": 7, "percent_covered": 100.0, "percent_covered_display": "100", "missing_lines": 0, "excluded_lines": 0, "percent_statements_covered": 100.0, "percent_statements_covered_display": "100"}, "missing_lines": [], "excluded_lines": [], "start_line": 159}, "SilentConsole.status.DummyStatus": {"executed_lines": [172, 175], "summary": {"covered_lines": 2, "num_statements": 2, "percent_covered": 100.0, "percent_covered_display": "100", "missing_lines": 0, "excluded_lines": 0, "percent_statements_covered": 100.0, "percent_statements_covered_display": "100"}, "missing_lines": [], "excluded_lines": [], "start_line": 170}, "": {"executed_lines": [3, 4, 5, 6, 7, 9, 11, 14, 15, 39, 46, 97, 159, 160, 163, 166, 169, 180, 181, 184, 185, 186, 187], "summary": {"covered_lines": 23, "num_statements": 23, "percent_covered": 100.0, "percent_covered_display": "100", "missing_lines": 0, "excluded_lines": 0, "percent_statements_covered": 100.0, "percent_statements_covered_display": "100"}, "missing_lines": [], "excluded_lines": [], "start_line": 1}}}, "bblean/_memory.py": {"executed_lines": [3, 4, 5, 6, 7, 8, 9, 10, 11, 12, 13, 15, 16, 17, 18, 19, 21, 24, 25, 26, 30, 31, 32, 35, 39, 40, 41, 51, 57, 58, 61, 62, 63, 65, 70, 73, 74, 75, 76, 77, 78, 80, 81, 82, 83, 91, 92, 93, 95, 96, 97, 98, 99, 100, 102, 103, 105, 110, 113, 125, 126, 129, 130, 131, 134, 135, 136, 137, 143, 184], "summary": {"covered_lines": 70, "num_statements": 116, "percent_covered": 60.3448275862069, "percent_covered_display": "60", "missing_lines": 46, "excluded_lines": 0, "percent_statements_covered": 60.3448275862069, "percent_statements_covered_display": "60"}, "missing_lines": [42, 43, 45, 52, 64, 66, 67, 106, 107, 138, 139, 140, 146, 147, 148, 150, 151, 152, 153, 154, 155, 156, 157, 160, 161, 163, 164, 165, 166, 168, 169, 170, 171, 172, 173, 174, 175, 176, 177, 178, 179, 180, 181, 187, 188, 189], "excluded_lines": [], "functions": {"_get_libc": {"executed_lines": [40, 41], "summary": {"covered_lines": 2, "num_statements": 5, "percent_covered": 40.0, "percent_covered_display": "40", "missing_lines": 3, "excluded_lines": 0, "percent_statements_covered": 40.0, "percent_statements_covered_display": "40"}, "missing_lines": [42, 43, 45], "excluded_lines": [], "start_line": 39}, "_madvise_dontneed": {"executed_lines": [], "summary": {"covered_lines": 0, "num_statements": 1, "percent_covered": 0.0, "percent_covered_display": "0", "missing_lines": 1, "excluded_lines": 0, "percent_statements_covered": 0.0, "percent_statements_covered_display": "0"}, "missing_lines": [52], "excluded_lines": [], "start_line": 51}, "_madvise_sequential": {"executed_lines": [58], "summary": {"covered_lines": 1, "num_statements": 1, "percent_covered": 100.0, "percent_covered_display": "100", "missing_lines": 0, "excluded_lines": 0, "percent_statements_covered": 100.0, "percent_statements_covered_display": "100"}, "missing_lines": [], "excluded_lines": [], "start_line": 57}, "_madvise": {"executed_lines": [62, 63, 65], "summary": {"covered_lines": 3, "num_statements": 6, "percent_covered": 50.0, "percent_covered_display": "50", "missing_lines": 3, "excluded_lines": 0, "percent_statements_covered": 50.0, "percent_statements_covered_display": "50"}, "missing_lines": [64, 66, 67], "excluded_lines": [], "start_line": 61}, "_ArrayMemPagesManager.from_bb_input": {"executed_lines": [82, 83, 91, 92, 93, 95, 96, 97, 98, 99, 100], "summary": {"covered_lines": 11, "num_statements": 11, "percent_covered": 100.0, "percent_covered_display": "100", "missing_lines": 0, "excluded_lines": 0, "percent_statements_covered": 100.0, "percent_statements_covered_display": "100"}, "missing_lines": [], "excluded_lines": [], "start_line": 81}, "_ArrayMemPagesManager.should_release_curr_page": {"executed_lines": [103], "summary": {"covered_lines": 1, "num_statements": 1, "percent_covered": 100.0, "percent_covered_display": "100", "missing_lines": 0, "excluded_lines": 0, "percent_statements_covered": 100.0, "percent_statements_covered_display": "100"}, "missing_lines": [], "excluded_lines": [], "start_line": 102}, "_ArrayMemPagesManager.release_curr_page_and_update_addr": {"executed_lines": [], "summary": {"covered_lines": 0, "num_statements": 2, "percent_covered": 0.0, "percent_covered_display": "0", "missing_lines": 2, "excluded_lines": 0, "percent_statements_covered": 0.0, "percent_statements_covered_display": "0"}, "missing_lines": [106, 107], "excluded_lines": [], "start_line": 105}, "_mmap_file_and_madvise_sequential": {"executed_lines": [113, 125, 126], "summary": {"covered_lines": 3, "num_statements": 3, "percent_covered": 100.0, "percent_covered_display": "100", "missing_lines": 0, "excluded_lines": 0, "percent_statements_covered": 100.0, "percent_statements_covered_display": "100"}, "missing_lines": [], "excluded_lines": [], "start_line": 110}, "system_mem_gib": {"executed_lines": [130, 131], "summary": {"covered_lines": 2, "num_statements": 2, "percent_covered": 100.0, "percent_covered_display": "100", "missing_lines": 0, "excluded_lines": 0, "percent_statements_covered": 100.0, "percent_statements_covered_display": "100"}, "missing_lines": [], "excluded_lines": [], "start_line": 129}, "get_peak_memory_gib": {"executed_lines": [135, 136, 137], "summary": {"covered_lines": 3, "num_statements": 6, "percent_covered": 50.0, "percent_covered_display": "50", "missing_lines": 3, "excluded_lines": 0, "percent_statements_covered": 50.0, "percent_statements_covered_display": "50"}, "missing_lines": [138, 139, 140], "excluded_lines": [], "start_line": 134}, "monitor_rss_process": {"executed_lines": [], "summary": {"covered_lines": 0, "num_statements": 22, "percent_covered": 0.0, "percent_covered_display": "0", "missing_lines": 22, "excluded_lines": 0, "percent_statements_covered": 0.0, "percent_statements_covered_display": "0"}, "missing_lines": [146, 147, 148, 150, 163, 164, 165, 166, 168, 169, 170, 171, 172, 173, 174, 175, 176, 177, 178, 179, 180, 181], "excluded_lines": [], "start_line": 143}, "monitor_rss_process.total_rss": {"executed_lines": [], "summary": {"covered_lines": 0, "num_statements": 9, "percent_covered": 0.0, "percent_covered_display": "0", "missing_lines": 9, "excluded_lines": 0, "percent_statements_covered": 0.0, "percent_statements_covered_display": "0"}, "missing_lines": [151, 152, 153, 154, 155, 156, 157, 160, 161], "excluded_lines": [], "start_line": 150}, "launch_monitor_rss_daemon": {"executed_lines": [], "summary": {"covered_lines": 0, "num_statements": 3, "percent_covered": 0.0, "percent_covered_display": "0", "missing_lines": 3, "excluded_lines": 0, "percent_statements_covered": 0.0, "percent_statements_covered_display": "0"}, "missing_lines": [187, 188, 189], "excluded_lines": [], "start_line": 184}, "": {"executed_lines": [3, 4, 5, 6, 7, 8, 9, 10, 11, 12, 13, 15, 16, 17, 18, 19, 21, 24, 25, 26, 30, 31, 32, 35, 39, 51, 57, 61, 70, 73, 74, 75, 76, 77, 78, 80, 81, 102, 105, 110, 129, 134, 143, 184], "summary": {"covered_lines": 44, "num_statements": 44, "percent_covered": 100.0, "percent_covered_display": "100", "missing_lines": 0, "excluded_lines": 0, "percent_statements_covered": 100.0, "percent_statements_covered_display": "100"}, "missing_lines": [], "excluded_lines": [], "start_line": 1}}, "classes": {"Madv": {"executed_lines": [], "summary": {"covered_lines": 0, "num_statements": 0, "percent_covered": 100.0, "percent_covered_display": "100", "missing_lines": 0, "excluded_lines": 0, "percent_statements_covered": 100.0, "percent_statements_covered_display": "100"}, "missing_lines": [], "excluded_lines": [], "start_line": 24}, "_ArrayMemPagesManager": {"executed_lines": [82, 83, 91, 92, 93, 95, 96, 97, 98, 99, 100, 103], "summary": {"covered_lines": 12, "num_statements": 14, "percent_covered": 85.71428571428571, "percent_covered_display": "86", "missing_lines": 2, "excluded_lines": 0, "percent_statements_covered": 85.71428571428571, "percent_statements_covered_display": "86"}, "missing_lines": [106, 107], "excluded_lines": [], "start_line": 74}, "": {"executed_lines": [3, 4, 5, 6, 7, 8, 9, 10, 11, 12, 13, 15, 16, 17, 18, 19, 21, 24, 25, 26, 30, 31, 32, 35, 39, 40, 41, 51, 57, 58, 61, 62, 63, 65, 70, 73, 74, 75, 76, 77, 78, 80, 81, 102, 105, 110, 113, 125, 126, 129, 130, 131, 134, 135, 136, 137, 143, 184], "summary": {"covered_lines": 58, "num_statements": 102, "percent_covered": 56.86274509803921, "percent_covered_display": "57", "missing_lines": 44, "excluded_lines": 0, "percent_statements_covered": 56.86274509803921, "percent_statements_covered_display": "57"}, "missing_lines": [42, 43, 45, 52, 64, 66, 67, 138, 139, 140, 146, 147, 148, 150, 151, 152, 153, 154, 155, 156, 157, 160, 161, 163, 164, 165, 166, 168, 169, 170, 171, 172, 173, 174, 175, 176, 177, 178, 179, 180, 181, 187, 188, 189], "excluded_lines": [], "start_line": 1}}}, "bblean/_py_similarity.py": {"executed_lines": [3, 5, 6, 8, 9, 12, 36, 37, 39, 40, 41, 42, 45, 56, 57, 58, 65, 69, 70, 73, 74, 75, 76, 77, 78, 79, 80, 84, 93, 94, 95, 96, 97, 101, 123, 124, 126, 127, 129, 132, 133, 136, 137, 140, 141, 144, 154, 156, 159, 168, 177, 180, 182, 187, 189, 199, 226, 227, 232, 234, 235, 237, 238, 239, 240, 241], "summary": {"covered_lines": 66, "num_statements": 67, "percent_covered": 98.50746268656717, "percent_covered_display": "99", "missing_lines": 1, "excluded_lines": 0, "percent_statements_covered": 98.50746268656717, "percent_statements_covered_display": "99"}, "missing_lines": [155], "excluded_lines": [], "functions": {"centroid_from_sum": {"executed_lines": [36, 37, 39, 40, 41, 42], "summary": {"covered_lines": 6, "num_statements": 6, "percent_covered": 100.0, "percent_covered_display": "100", "missing_lines": 0, "excluded_lines": 0, "percent_statements_covered": 100.0, "percent_statements_covered_display": "100"}, "missing_lines": [], "excluded_lines": [], "start_line": 12}, "centroid": {"executed_lines": [56, 57, 58], "summary": {"covered_lines": 3, "num_statements": 3, "percent_covered": 100.0, "percent_covered_display": "100", "missing_lines": 0, "excluded_lines": 0, "percent_statements_covered": 100.0, "percent_statements_covered_display": "100"}, "missing_lines": [], "excluded_lines": [], "start_line": 45}, "jt_compl_isim": {"executed_lines": [69, 70, 73, 74, 75, 76, 77, 78, 79, 80], "summary": {"covered_lines": 10, "num_statements": 10, "percent_covered": 100.0, "percent_covered_display": "100", "missing_lines": 0, "excluded_lines": 0, "percent_statements_covered": 100.0, "percent_statements_covered_display": "100"}, "missing_lines": [], "excluded_lines": [], "start_line": 65}, "_popcount": {"executed_lines": [93, 94, 95, 96, 97], "summary": {"covered_lines": 5, "num_statements": 5, "percent_covered": 100.0, "percent_covered_display": "100", "missing_lines": 0, "excluded_lines": 0, "percent_statements_covered": 100.0, "percent_statements_covered_display": "100"}, "missing_lines": [], "excluded_lines": [], "start_line": 84}, "jt_most_dissimilar_packed": {"executed_lines": [123, 124, 126, 127, 129, 132, 133, 136, 137, 140, 141], "summary": {"covered_lines": 11, "num_statements": 11, "percent_covered": 100.0, "percent_covered_display": "100", "missing_lines": 0, "excluded_lines": 0, "percent_statements_covered": 100.0, "percent_statements_covered_display": "100"}, "missing_lines": [], "excluded_lines": [], "start_line": 101}, "_jt_sim_arr_vec_packed": {"executed_lines": [154, 156], "summary": {"covered_lines": 2, "num_statements": 3, "percent_covered": 66.66666666666667, "percent_covered_display": "67", "missing_lines": 1, "excluded_lines": 0, "percent_statements_covered": 66.66666666666667, "percent_statements_covered_display": "67"}, "missing_lines": [155], "excluded_lines": [], "start_line": 144}, "_jt_sim_packed_precalc_cardinalities": {"executed_lines": [168, 177], "summary": {"covered_lines": 2, "num_statements": 2, "percent_covered": 100.0, "percent_covered_display": "100", "missing_lines": 0, "excluded_lines": 0, "percent_statements_covered": 100.0, "percent_statements_covered_display": "100"}, "missing_lines": [], "excluded_lines": [], "start_line": 159}, "jt_isim_unpacked": {"executed_lines": [182], "summary": {"covered_lines": 1, "num_statements": 1, "percent_covered": 100.0, "percent_covered_display": "100", "missing_lines": 0, "excluded_lines": 0, "percent_statements_covered": 100.0, "percent_statements_covered_display": "100"}, "missing_lines": [], "excluded_lines": [], "start_line": 180}, "jt_isim_packed": {"executed_lines": [189], "summary": {"covered_lines": 1, "num_statements": 1, "percent_covered": 100.0, "percent_covered_display": "100", "missing_lines": 0, "excluded_lines": 0, "percent_statements_covered": 100.0, "percent_statements_covered_display": "100"}, "missing_lines": [], "excluded_lines": [], "start_line": 187}, "jt_isim_from_sum": {"executed_lines": [226, 227, 232, 234, 235, 237, 238, 239, 240, 241], "summary": {"covered_lines": 10, "num_statements": 10, "percent_covered": 100.0, "percent_covered_display": "100", "missing_lines": 0, "excluded_lines": 0, "percent_statements_covered": 100.0, "percent_statements_covered_display": "100"}, "missing_lines": [], "excluded_lines": [], "start_line": 199}, "": {"executed_lines": [3, 5, 6, 8, 9, 12, 45, 65, 84, 101, 144, 159, 180, 187, 199], "summary": {"covered_lines": 15, "num_statements": 15, "percent_covered": 100.0, "percent_covered_display": "100", "missing_lines": 0, "excluded_lines": 0, "percent_statements_covered": 100.0, "percent_statements_covered_display": "100"}, "missing_lines": [], "excluded_lines": [], "start_line": 1}}, "classes": {"": {"executed_lines": [3, 5, 6, 8, 9, 12, 36, 37, 39, 40, 41, 42, 45, 56, 57, 58, 65, 69, 70, 73, 74, 75, 76, 77, 78, 79, 80, 84, 93, 94, 95, 96, 97, 101, 123, 124, 126, 127, 129, 132, 133, 136, 137, 140, 141, 144, 154, 156, 159, 168, 177, 180, 182, 187, 189, 199, 226, 227, 232, 234, 235, 237, 238, 239, 240, 241], "summary": {"covered_lines": 66, "num_statements": 67, "percent_covered": 98.50746268656717, "percent_covered_display": "99", "missing_lines": 1, "excluded_lines": 0, "percent_statements_covered": 98.50746268656717, "percent_statements_covered_display": "99"}, "missing_lines": [155], "excluded_lines": [], "start_line": 1}}}, "bblean/_timer.py": {"executed_lines": [3, 4, 5, 6, 8, 11, 12, 13, 14, 15, 16, 17, 18, 19, 21, 22, 25, 26, 29, 31, 33, 34, 36, 41, 47, 50, 51, 53, 54, 55, 57, 61, 62, 63, 65, 66, 67, 69, 70, 71, 73, 74, 76, 77, 78, 80, 83, 84, 86], "summary": {"covered_lines": 49, "num_statements": 64, "percent_covered": 76.5625, "percent_covered_display": "77", "missing_lines": 15, "excluded_lines": 0, "percent_statements_covered": 76.5625, "percent_statements_covered_display": "77"}, "missing_lines": [23, 27, 30, 37, 48, 52, 58, 75, 79, 81, 87, 88, 89, 90, 91], "excluded_lines": [], "functions": {"Timer.__init__": {"executed_lines": [13, 14, 15, 16, 17, 18, 19], "summary": {"covered_lines": 7, "num_statements": 7, "percent_covered": 100.0, "percent_covered_display": "100", "missing_lines": 0, "excluded_lines": 0, "percent_statements_covered": 100.0, "percent_statements_covered_display": "100"}, "missing_lines": [], "excluded_lines": [], "start_line": 12}, "Timer.timings_s": {"executed_lines": [], "summary": {"covered_lines": 0, "num_statements": 1, "percent_covered": 0.0, "percent_covered_display": "0", "missing_lines": 1, "excluded_lines": 0, "percent_statements_covered": 0.0, "percent_statements_covered_display": "0"}, "missing_lines": [23], "excluded_lines": [], "start_line": 22}, "Timer.init_timing": {"executed_lines": [26, 29, 31, 33, 34, 36], "summary": {"covered_lines": 6, "num_statements": 9, "percent_covered": 66.66666666666667, "percent_covered_display": "67", "missing_lines": 3, "excluded_lines": 0, "percent_statements_covered": 66.66666666666667, "percent_statements_covered_display": "67"}, "missing_lines": [27, 30, 37], "excluded_lines": [], "start_line": 25}, "Timer.end_timing": {"executed_lines": [47, 50, 51, 53, 54, 55, 57, 61, 62, 63, 65, 66, 67, 69, 70, 71], "summary": {"covered_lines": 16, "num_statements": 19, "percent_covered": 84.21052631578948, "percent_covered_display": "84", "missing_lines": 3, "excluded_lines": 0, "percent_statements_covered": 84.21052631578948, "percent_statements_covered_display": "84"}, "missing_lines": [48, 52, 58], "excluded_lines": [], "start_line": 41}, "Timer.dump": {"executed_lines": [74, 76, 77, 78, 80, 83, 84], "summary": {"covered_lines": 7, "num_statements": 10, "percent_covered": 70.0, "percent_covered_display": "70", "missing_lines": 3, "excluded_lines": 0, "percent_statements_covered": 70.0, "percent_statements_covered_display": "70"}, "missing_lines": [75, 79, 81], "excluded_lines": [], "start_line": 73}, "Timer.reset": {"executed_lines": [], "summary": {"covered_lines": 0, "num_statements": 5, "percent_covered": 0.0, "percent_covered_display": "0", "missing_lines": 5, "excluded_lines": 0, "percent_statements_covered": 0.0, "percent_statements_covered_display": "0"}, "missing_lines": [87, 88, 89, 90, 91], "excluded_lines": [], "start_line": 86}, "": {"executed_lines": [3, 4, 5, 6, 8, 11, 12, 21, 22, 25, 41, 73, 86], "summary": {"covered_lines": 13, "num_statements": 13, "percent_covered": 100.0, "percent_covered_display": "100", "missing_lines": 0, "excluded_lines": 0, "percent_statements_covered": 100.0, "percent_statements_covered_display": "100"}, "missing_lines": [], "excluded_lines": [], "start_line": 1}}, "classes": {"Timer": {"executed_lines": [13, 14, 15, 16, 17, 18, 19, 26, 29, 31, 33, 34, 36, 47, 50, 51, 53, 54, 55, 57, 61, 62, 63, 65, 66, 67, 69, 70, 71, 74, 76, 77, 78, 80, 83, 84], "summary": {"covered_lines": 36, "num_statements": 51, "percent_covered": 70.58823529411765, "percent_covered_display": "71", "missing_lines": 15, "excluded_lines": 0, "percent_statements_covered": 70.58823529411765, "percent_statements_covered_display": "71"}, "missing_lines": [23, 27, 30, 37, 48, 52, 58, 75, 79, 81, 87, 88, 89, 90, 91], "excluded_lines": [], "start_line": 11}, "": {"executed_lines": [3, 4, 5, 6, 8, 11, 12, 21, 22, 25, 41, 73, 86], "summary": {"covered_lines": 13, "num_statements": 13, "percent_covered": 100.0, "percent_covered_display": "100", "missing_lines": 0, "excluded_lines": 0, "percent_statements_covered": 100.0, "percent_statements_covered_display": "100"}, "missing_lines": [], "excluded_lines": [], "start_line": 1}}}, "bblean/_version.py": {"executed_lines": [3, 5, 14, 15, 16, 17, 18, 19, 21, 22, 24], "summary": {"covered_lines": 11, "num_statements": 11, "percent_covered": 100.0, "percent_covered_display": "100", "missing_lines": 0, "excluded_lines": 0, "percent_statements_covered": 100.0, "percent_statements_covered_display": "100"}, "missing_lines": [], "excluded_lines": [], "functions": {"": {"executed_lines": [3, 5, 14, 15, 16, 17, 18, 19, 21, 22, 24], "summary": {"covered_lines": 11, "num_statements": 11, "percent_covered": 100.0, "percent_covered_display": "100", "missing_lines": 0, "excluded_lines": 0, "percent_statements_covered": 100.0, "percent_statements_covered_display": "100"}, "missing_lines": [], "excluded_lines": [], "start_line": 1}}, "classes": {"": {"executed_lines": [3, 5, 14, 15, 16, 17, 18, 19, 21, 22, 24], "summary": {"covered_lines": 11, "num_statements": 11, "percent_covered": 100.0, "percent_covered_display": "100", "missing_lines": 0, "excluded_lines": 0, "percent_statements_covered": 100.0, "percent_statements_covered_display": "100"}, "missing_lines": [], "excluded_lines": [], "start_line": 1}}}, "bblean/analysis.py": {"executed_lines": [3, 4, 5, 6, 7, 8, 10, 11, 12, 13, 15, 16, 17, 24, 32, 33, 36, 37, 40, 43, 54, 55, 56, 57, 58, 59, 60, 61, 62, 64, 67, 68, 71, 82, 83, 86, 87, 90, 91, 94, 95, 98, 99, 102, 103, 106, 107, 108, 110, 111, 112, 114, 115, 118, 119, 126, 127, 128, 130, 131, 132, 134, 135, 136, 138, 139, 140, 142, 143, 144, 146, 147, 150, 151, 152, 154, 155, 156, 158, 159, 162, 163, 166, 171, 195, 208, 210, 212, 215, 216, 218, 219, 220, 222, 224, 225, 227, 229, 231, 233, 234, 238, 241, 244, 245, 246, 249, 250, 251, 257, 258, 259, 260, 261, 266, 271, 272, 273], "summary": {"covered_lines": 118, "num_statements": 166, "percent_covered": 71.08433734939759, "percent_covered_display": "71", "missing_lines": 48, "excluded_lines": 0, "percent_statements_covered": 71.08433734939759, "percent_statements_covered_display": "71"}, "missing_lines": [65, 69, 72, 73, 74, 75, 76, 77, 78, 79, 80, 84, 88, 92, 96, 100, 104, 113, 116, 120, 121, 122, 123, 124, 148, 160, 164, 167, 180, 181, 182, 183, 184, 185, 186, 191, 192, 209, 214, 221, 223, 230, 232, 236, 239, 252, 255, 256], "excluded_lines": [], "functions": {"ClusterAnalysis.__init__": {"executed_lines": [54, 55, 56, 57, 58, 59, 60, 61, 62], "summary": {"covered_lines": 9, "num_statements": 9, "percent_covered": 100.0, "percent_covered_display": "100", "missing_lines": 0, "excluded_lines": 0, "percent_statements_covered": 100.0, "percent_statements_covered_display": "100"}, "missing_lines": [], "excluded_lines": [], "start_line": 43}, "ClusterAnalysis.all_clusters_num_with_size_above": {"executed_lines": [], "summary": {"covered_lines": 0, "num_statements": 1, "percent_covered": 0.0, "percent_covered_display": "0", "missing_lines": 1, "excluded_lines": 0, "percent_statements_covered": 0.0, "percent_statements_covered_display": "0"}, "missing_lines": [65], "excluded_lines": [], "start_line": 64}, "ClusterAnalysis.all_singletons_num": {"executed_lines": [], "summary": {"covered_lines": 0, "num_statements": 1, "percent_covered": 0.0, "percent_covered_display": "0", "missing_lines": 1, "excluded_lines": 0, "percent_statements_covered": 0.0, "percent_statements_covered_display": "0"}, "missing_lines": [69], "excluded_lines": [], "start_line": 68}, "ClusterAnalysis.get_top_cluster_fps": {"executed_lines": [], "summary": {"covered_lines": 0, "num_statements": 9, "percent_covered": 0.0, "percent_covered_display": "0", "missing_lines": 9, "excluded_lines": 0, "percent_statements_covered": 0.0, "percent_statements_covered_display": "0"}, "missing_lines": [72, 73, 74, 75, 76, 77, 78, 79, 80], "excluded_lines": [], "start_line": 71}, "ClusterAnalysis.all_clusters_mean_size": {"executed_lines": [], "summary": {"covered_lines": 0, "num_statements": 1, "percent_covered": 0.0, "percent_covered_display": "0", "missing_lines": 1, "excluded_lines": 0, "percent_statements_covered": 0.0, "percent_statements_covered_display": "0"}, "missing_lines": [84], "excluded_lines": [], "start_line": 83}, "ClusterAnalysis.all_clusters_median_size": {"executed_lines": [], "summary": {"covered_lines": 0, "num_statements": 1, "percent_covered": 0.0, "percent_covered_display": "0", "missing_lines": 1, "excluded_lines": 0, "percent_statements_covered": 0.0, "percent_statements_covered_display": "0"}, "missing_lines": [88], "excluded_lines": [], "start_line": 87}, "ClusterAnalysis.all_clusters_q1": {"executed_lines": [], "summary": {"covered_lines": 0, "num_statements": 1, "percent_covered": 0.0, "percent_covered_display": "0", "missing_lines": 1, "excluded_lines": 0, "percent_statements_covered": 0.0, "percent_statements_covered_display": "0"}, "missing_lines": [92], "excluded_lines": [], "start_line": 91}, "ClusterAnalysis.all_clusters_q3": {"executed_lines": [], "summary": {"covered_lines": 0, "num_statements": 1, "percent_covered": 0.0, "percent_covered_display": "0", "missing_lines": 1, "excluded_lines": 0, "percent_statements_covered": 0.0, "percent_statements_covered_display": "0"}, "missing_lines": [96], "excluded_lines": [], "start_line": 95}, "ClusterAnalysis.all_clusters_min_size": {"executed_lines": [], "summary": {"covered_lines": 0, "num_statements": 1, "percent_covered": 0.0, "percent_covered_display": "0", "missing_lines": 1, "excluded_lines": 0, "percent_statements_covered": 0.0, "percent_statements_covered_display": "0"}, "missing_lines": [100], "excluded_lines": [], "start_line": 99}, "ClusterAnalysis.all_clusters_max_size": {"executed_lines": [], "summary": {"covered_lines": 0, "num_statements": 1, "percent_covered": 0.0, "percent_covered_display": "0", "missing_lines": 1, "excluded_lines": 0, "percent_statements_covered": 0.0, "percent_statements_covered_display": "0"}, "missing_lines": [104], "excluded_lines": [], "start_line": 103}, "ClusterAnalysis.all_clusters_num": {"executed_lines": [108], "summary": {"covered_lines": 1, "num_statements": 1, "percent_covered": 100.0, "percent_covered_display": "100", "missing_lines": 0, "excluded_lines": 0, "percent_statements_covered": 100.0, "percent_statements_covered_display": "100"}, "missing_lines": [], "excluded_lines": [], "start_line": 107}, "ClusterAnalysis.top_unpacked_fps": {"executed_lines": [112, 114, 115], "summary": {"covered_lines": 3, "num_statements": 5, "percent_covered": 60.0, "percent_covered_display": "60", "missing_lines": 2, "excluded_lines": 0, "percent_statements_covered": 60.0, "percent_statements_covered_display": "60"}, "missing_lines": [113, 116], "excluded_lines": [], "start_line": 111}, "ClusterAnalysis.top_packed_fps": {"executed_lines": [], "summary": {"covered_lines": 0, "num_statements": 5, "percent_covered": 0.0, "percent_covered_display": "0", "missing_lines": 5, "excluded_lines": 0, "percent_statements_covered": 0.0, "percent_statements_covered_display": "0"}, "missing_lines": [120, 121, 122, 123, 124], "excluded_lines": [], "start_line": 119}, "ClusterAnalysis.has_scaffolds": {"executed_lines": [128], "summary": {"covered_lines": 1, "num_statements": 1, "percent_covered": 100.0, "percent_covered_display": "100", "missing_lines": 0, "excluded_lines": 0, "percent_statements_covered": 100.0, "percent_statements_covered_display": "100"}, "missing_lines": [], "excluded_lines": [], "start_line": 127}, "ClusterAnalysis.has_fps": {"executed_lines": [132], "summary": {"covered_lines": 1, "num_statements": 1, "percent_covered": 100.0, "percent_covered_display": "100", "missing_lines": 0, "excluded_lines": 0, "percent_statements_covered": 100.0, "percent_statements_covered_display": "100"}, "missing_lines": [], "excluded_lines": [], "start_line": 131}, "ClusterAnalysis.has_all_clusters": {"executed_lines": [136], "summary": {"covered_lines": 1, "num_statements": 1, "percent_covered": 100.0, "percent_covered_display": "100", "missing_lines": 0, "excluded_lines": 0, "percent_statements_covered": 100.0, "percent_statements_covered_display": "100"}, "missing_lines": [], "excluded_lines": [], "start_line": 135}, "ClusterAnalysis.clusters_num": {"executed_lines": [140], "summary": {"covered_lines": 1, "num_statements": 1, "percent_covered": 100.0, "percent_covered_display": "100", "missing_lines": 0, "excluded_lines": 0, "percent_statements_covered": 100.0, "percent_statements_covered_display": "100"}, "missing_lines": [], "excluded_lines": [], "start_line": 139}, "ClusterAnalysis.isims": {"executed_lines": [144], "summary": {"covered_lines": 1, "num_statements": 1, "percent_covered": 100.0, "percent_covered_display": "100", "missing_lines": 0, "excluded_lines": 0, "percent_statements_covered": 100.0, "percent_statements_covered_display": "100"}, "missing_lines": [], "excluded_lines": [], "start_line": 143}, "ClusterAnalysis.has_isims": {"executed_lines": [], "summary": {"covered_lines": 0, "num_statements": 1, "percent_covered": 0.0, "percent_covered_display": "0", "missing_lines": 1, "excluded_lines": 0, "percent_statements_covered": 0.0, "percent_statements_covered_display": "0"}, "missing_lines": [148], "excluded_lines": [], "start_line": 147}, "ClusterAnalysis.labels": {"executed_lines": [152], "summary": {"covered_lines": 1, "num_statements": 1, "percent_covered": 100.0, "percent_covered_display": "100", "missing_lines": 0, "excluded_lines": 0, "percent_statements_covered": 100.0, "percent_statements_covered_display": "100"}, "missing_lines": [], "excluded_lines": [], "start_line": 151}, "ClusterAnalysis.sizes": {"executed_lines": [156], "summary": {"covered_lines": 1, "num_statements": 1, "percent_covered": 100.0, "percent_covered_display": "100", "missing_lines": 0, "excluded_lines": 0, "percent_statements_covered": 100.0, "percent_statements_covered_display": "100"}, "missing_lines": [], "excluded_lines": [], "start_line": 155}, "ClusterAnalysis.unique_scaffolds_num": {"executed_lines": [], "summary": {"covered_lines": 0, "num_statements": 1, "percent_covered": 0.0, "percent_covered_display": "0", "missing_lines": 1, "excluded_lines": 0, "percent_statements_covered": 0.0, "percent_statements_covered_display": "0"}, "missing_lines": [160], "excluded_lines": [], "start_line": 159}, "ClusterAnalysis.unique_scaffolds_isim": {"executed_lines": [], "summary": {"covered_lines": 0, "num_statements": 1, "percent_covered": 0.0, "percent_covered_display": "0", "missing_lines": 1, "excluded_lines": 0, "percent_statements_covered": 0.0, "percent_statements_covered_display": "0"}, "missing_lines": [164], "excluded_lines": [], "start_line": 163}, "ClusterAnalysis.dump_metrics": {"executed_lines": [], "summary": {"covered_lines": 0, "num_statements": 1, "percent_covered": 0.0, "percent_covered_display": "0", "missing_lines": 1, "excluded_lines": 0, "percent_statements_covered": 0.0, "percent_statements_covered_display": "0"}, "missing_lines": [167], "excluded_lines": [], "start_line": 166}, "scaffold_analysis": {"executed_lines": [], "summary": {"covered_lines": 0, "num_statements": 9, "percent_covered": 0.0, "percent_covered_display": "0", "missing_lines": 9, "excluded_lines": 0, "percent_statements_covered": 0.0, "percent_statements_covered_display": "0"}, "missing_lines": [180, 181, 182, 183, 184, 185, 186, 191, 192], "excluded_lines": [], "start_line": 171}, "cluster_analysis": {"executed_lines": [208, 210, 212, 215, 216, 218, 219, 220, 222, 224, 225, 227, 229, 231, 233, 234, 238, 241, 244, 245, 246, 249, 250, 251, 257, 258, 259, 260, 261, 266, 271, 272, 273], "summary": {"covered_lines": 33, "num_statements": 44, "percent_covered": 75.0, "percent_covered_display": "75", "missing_lines": 11, "excluded_lines": 0, "percent_statements_covered": 75.0, "percent_statements_covered_display": "75"}, "missing_lines": [209, 214, 221, 223, 230, 232, 236, 239, 252, 255, 256], "excluded_lines": [], "start_line": 195}, "": {"executed_lines": [3, 4, 5, 6, 7, 8, 10, 11, 12, 13, 15, 16, 17, 24, 32, 33, 36, 37, 40, 43, 64, 67, 68, 71, 82, 83, 86, 87, 90, 91, 94, 95, 98, 99, 102, 103, 106, 107, 110, 111, 118, 119, 126, 127, 130, 131, 134, 135, 138, 139, 142, 143, 146, 147, 150, 151, 154, 155, 158, 159, 162, 163, 166, 171, 195], "summary": {"covered_lines": 65, "num_statements": 65, "percent_covered": 100.0, "percent_covered_display": "100", "missing_lines": 0, "excluded_lines": 0, "percent_statements_covered": 100.0, "percent_statements_covered_display": "100"}, "missing_lines": [], "excluded_lines": [], "start_line": 1}}, "classes": {"ScaffoldAnalysis": {"executed_lines": [], "summary": {"covered_lines": 0, "num_statements": 0, "percent_covered": 100.0, "percent_covered_display": "100", "missing_lines": 0, "excluded_lines": 0, "percent_statements_covered": 100.0, "percent_statements_covered_display": "100"}, "missing_lines": [], "excluded_lines": [], "start_line": 33}, "ClusterAnalysis": {"executed_lines": [54, 55, 56, 57, 58, 59, 60, 61, 62, 108, 112, 114, 115, 128, 132, 136, 140, 144, 152, 156], "summary": {"covered_lines": 20, "num_statements": 48, "percent_covered": 41.666666666666664, "percent_covered_display": "42", "missing_lines": 28, "excluded_lines": 0, "percent_statements_covered": 41.666666666666664, "percent_statements_covered_display": "42"}, "missing_lines": [65, 69, 72, 73, 74, 75, 76, 77, 78, 79, 80, 84, 88, 92, 96, 100, 104, 113, 116, 120, 121, 122, 123, 124, 148, 160, 164, 167], "excluded_lines": [], "start_line": 40}, "": {"executed_lines": [3, 4, 5, 6, 7, 8, 10, 11, 12, 13, 15, 16, 17, 24, 32, 33, 36, 37, 40, 43, 64, 67, 68, 71, 82, 83, 86, 87, 90, 91, 94, 95, 98, 99, 102, 103, 106, 107, 110, 111, 118, 119, 126, 127, 130, 131, 134, 135, 138, 139, 142, 143, 146, 147, 150, 151, 154, 155, 158, 159, 162, 163, 166, 171, 195, 208, 210, 212, 215, 216, 218, 219, 220, 222, 224, 225, 227, 229, 231, 233, 234, 238, 241, 244, 245, 246, 249, 250, 251, 257, 258, 259, 260, 261, 266, 271, 272, 273], "summary": {"covered_lines": 98, "num_statements": 118, "percent_covered": 83.05084745762711, "percent_covered_display": "83", "missing_lines": 20, "excluded_lines": 0, "percent_statements_covered": 83.05084745762711, "percent_statements_covered_display": "83"}, "missing_lines": [180, 181, 182, 183, 184, 185, 186, 191, 192, 209, 214, 221, 223, 230, 232, 236, 239, 252, 255, 256], "excluded_lines": [], "start_line": 1}}}, "bblean/bitbirch.py": {"executed_lines": [49, 50, 51, 52, 53, 54, 55, 56, 57, 58, 59, 60, 61, 63, 64, 66, 67, 73, 74, 78, 87, 90, 93, 94, 95, 97, 100, 101, 112, 113, 124, 138, 139, 144, 145, 148, 149, 152, 153, 155, 160, 164, 166, 170, 199, 202, 203, 204, 205, 206, 208, 209, 213, 215, 216, 217, 225, 228, 238, 239, 240, 241, 243, 244, 245, 246, 248, 251, 252, 253, 254, 257, 260, 267, 268, 269, 270, 271, 272, 273, 275, 276, 277, 280, 315, 323, 324, 327, 330, 334, 335, 337, 338, 339, 341, 342, 343, 345, 346, 348, 350, 351, 352, 353, 355, 365, 366, 367, 369, 371, 378, 379, 380, 383, 386, 387, 388, 389, 392, 395, 398, 399, 401, 402, 405, 408, 412, 413, 416, 419, 420, 423, 426, 459, 461, 470, 480, 481, 482, 483, 485, 486, 488, 489, 490, 491, 498, 499, 502, 503, 504, 505, 508, 510, 511, 512, 513, 514, 516, 517, 518, 520, 521, 522, 524, 525, 526, 528, 529, 530, 531, 532, 534, 535, 538, 542, 546, 548, 549, 550, 554, 558, 559, 561, 562, 563, 567, 568, 571, 573, 580, 581, 582, 583, 584, 587, 588, 599, 600, 601, 602, 605, 606, 607, 610, 611, 612, 613, 616, 673, 682, 683, 684, 698, 699, 700, 704, 706, 707, 710, 711, 712, 714, 715, 716, 721, 723, 724, 725, 727, 728, 731, 732, 733, 734, 736, 738, 739, 742, 743, 745, 747, 748, 750, 752, 764, 769, 770, 772, 773, 774, 775, 778, 779, 780, 783, 819, 820, 821, 823, 824, 826, 828, 830, 831, 832, 836, 837, 839, 840, 842, 845, 846, 848, 850, 851, 852, 854, 855, 856, 857, 858, 861, 862, 863, 864, 865, 867, 868, 869, 870, 871, 873, 874, 875, 877, 879, 909, 910, 911, 913, 915, 917, 919, 920, 921, 925, 926, 927, 928, 930, 931, 934, 936, 937, 938, 939, 948, 949, 950, 951, 952, 954, 955, 956, 958, 961, 972, 974, 975, 976, 978, 980, 982, 983, 984, 985, 987, 993, 994, 995, 996, 997, 998, 999, 1001, 1009, 1010, 1012, 1026, 1030, 1031, 1032, 1033, 1036, 1037, 1038, 1044, 1045, 1051, 1052, 1053, 1059, 1060, 1061, 1062, 1068, 1070, 1079, 1083, 1087, 1088, 1092, 1097, 1098, 1100, 1102, 1103, 1109, 1111, 1112, 1113, 1114, 1116, 1124, 1126, 1131, 1132, 1137, 1138, 1144, 1155, 1156, 1159, 1161, 1163, 1192, 1199, 1200, 1201, 1202, 1203, 1204, 1206, 1215, 1218, 1220, 1221, 1222, 1224, 1301, 1309, 1312, 1316, 1323, 1326, 1327, 1328, 1330, 1332, 1333, 1335, 1336, 1338, 1354, 1357, 1360, 1361, 1362, 1363, 1365, 1367, 1368, 1374, 1375, 1377, 1379, 1380, 1381, 1382, 1394, 1395, 1396, 1398, 1399, 1400, 1401, 1402, 1403, 1404, 1406, 1410, 1412, 1413, 1417, 1418, 1419, 1420, 1421, 1422, 1424, 1435, 1450, 1451, 1469, 1478, 1482, 1484, 1485, 1488, 1489, 1492, 1493, 1495, 1496, 1507, 1511, 1512, 1514, 1517, 1518, 1526, 1528, 1529, 1539, 1553, 1559, 1562, 1563, 1565, 1566, 1568, 1573], "summary": {"covered_lines": 493, "num_statements": 645, "percent_covered": 76.43410852713178, "percent_covered_display": "76", "missing_lines": 152, "excluded_lines": 0, "percent_statements_covered": 76.43410852713178, "percent_statements_covered_display": "76"}, "missing_lines": [88, 109, 121, 140, 141, 142, 143, 146, 154, 183, 190, 193, 194, 195, 210, 218, 471, 686, 687, 691, 692, 696, 701, 729, 735, 740, 765, 771, 776, 777, 781, 829, 876, 918, 932, 942, 943, 944, 945, 946, 957, 970, 981, 1054, 1055, 1057, 1089, 1110, 1125, 1127, 1134, 1140, 1145, 1146, 1150, 1151, 1152, 1160, 1172, 1174, 1175, 1176, 1177, 1179, 1182, 1183, 1187, 1188, 1189, 1190, 1253, 1254, 1256, 1257, 1259, 1262, 1265, 1266, 1268, 1269, 1272, 1273, 1274, 1276, 1277, 1278, 1281, 1284, 1287, 1290, 1291, 1294, 1295, 1296, 1297, 1298, 1299, 1310, 1355, 1358, 1372, 1384, 1385, 1389, 1390, 1391, 1425, 1426, 1431, 1432, 1433, 1439, 1443, 1444, 1445, 1446, 1447, 1448, 1455, 1459, 1460, 1461, 1462, 1463, 1464, 1465, 1466, 1467, 1483, 1508, 1515, 1519, 1523, 1524, 1527, 1530, 1531, 1533, 1569, 1574, 1576, 1577, 1578, 1579, 1580, 1581, 1582, 1583, 1584, 1585, 1586, 1587], "excluded_lines": [], "functions": {"guess_threshold": {"executed_lines": [138, 139, 144, 145, 148, 149, 152, 153, 155], "summary": {"covered_lines": 9, "num_statements": 15, "percent_covered": 60.0, "percent_covered_display": "60", "missing_lines": 6, "excluded_lines": 0, "percent_statements_covered": 60.0, "percent_statements_covered_display": "60"}, "missing_lines": [140, 141, 142, 143, 146, 154], "excluded_lines": [], "start_line": 124}, "set_merge": {"executed_lines": [], "summary": {"covered_lines": 0, "num_statements": 5, "percent_covered": 0.0, "percent_covered_display": "0", "missing_lines": 5, "excluded_lines": 0, "percent_statements_covered": 0.0, "percent_statements_covered_display": "0"}, "missing_lines": [183, 190, 193, 194, 195], "excluded_lines": [], "start_line": 170}, "_validate_n_features": {"executed_lines": [202, 203, 204, 205, 206, 208, 209, 213, 215, 216, 217, 225], "summary": {"covered_lines": 12, "num_statements": 14, "percent_covered": 85.71428571428571, "percent_covered_display": "86", "missing_lines": 2, "excluded_lines": 0, "percent_statements_covered": 85.71428571428571, "percent_statements_covered_display": "86"}, "missing_lines": [210, 218], "excluded_lines": [], "start_line": 199}, "_split_node": {"executed_lines": [238, 239, 240, 241, 243, 244, 245, 246, 248, 251, 252, 253, 254, 257, 260, 267, 268, 269, 270, 271, 272, 273, 275, 276, 277], "summary": {"covered_lines": 25, "num_statements": 25, "percent_covered": 100.0, "percent_covered_display": "100", "missing_lines": 0, "excluded_lines": 0, "percent_statements_covered": 100.0, "percent_statements_covered_display": "100"}, "missing_lines": [], "excluded_lines": [], "start_line": 228}, "_BFNode.__init__": {"executed_lines": [324, 327, 330, 334, 335], "summary": {"covered_lines": 5, "num_statements": 5, "percent_covered": 100.0, "percent_covered_display": "100", "missing_lines": 0, "excluded_lines": 0, "percent_statements_covered": 100.0, "percent_statements_covered_display": "100"}, "missing_lines": [], "excluded_lines": [], "start_line": 323}, "_BFNode.is_leaf": {"executed_lines": [339], "summary": {"covered_lines": 1, "num_statements": 1, "percent_covered": 100.0, "percent_covered_display": "100", "missing_lines": 0, "excluded_lines": 0, "percent_statements_covered": 100.0, "percent_statements_covered_display": "100"}, "missing_lines": [], "excluded_lines": [], "start_line": 338}, "_BFNode.branching_factor": {"executed_lines": [343], "summary": {"covered_lines": 1, "num_statements": 1, "percent_covered": 100.0, "percent_covered_display": "100", "missing_lines": 0, "excluded_lines": 0, "percent_statements_covered": 100.0, "percent_statements_covered_display": "100"}, "missing_lines": [], "excluded_lines": [], "start_line": 342}, "_BFNode.packed_centroids": {"executed_lines": [348], "summary": {"covered_lines": 1, "num_statements": 1, "percent_covered": 100.0, "percent_covered_display": "100", "missing_lines": 0, "excluded_lines": 0, "percent_statements_covered": 100.0, "percent_statements_covered_display": "100"}, "missing_lines": [], "excluded_lines": [], "start_line": 346}, "_BFNode.append_subcluster": {"executed_lines": [351, 352, 353], "summary": {"covered_lines": 3, "num_statements": 3, "percent_covered": 100.0, "percent_covered_display": "100", "missing_lines": 0, "excluded_lines": 0, "percent_statements_covered": 100.0, "percent_statements_covered_display": "100"}, "missing_lines": [], "excluded_lines": [], "start_line": 350}, "_BFNode.update_split_subclusters": {"executed_lines": [365, 366, 367, 369], "summary": {"covered_lines": 4, "num_statements": 4, "percent_covered": 100.0, "percent_covered_display": "100", "missing_lines": 0, "excluded_lines": 0, "percent_statements_covered": 100.0, "percent_statements_covered_display": "100"}, "missing_lines": [], "excluded_lines": [], "start_line": 355}, "_BFNode.insert_bf_subcluster": {"executed_lines": [378, 379, 380, 383, 386, 387, 388, 389, 392, 395, 398, 399, 401, 402, 405, 408, 412, 413, 416, 419, 420, 423], "summary": {"covered_lines": 22, "num_statements": 22, "percent_covered": 100.0, "percent_covered_display": "100", "missing_lines": 0, "excluded_lines": 0, "percent_statements_covered": 100.0, "percent_statements_covered_display": "100"}, "missing_lines": [], "excluded_lines": [], "start_line": 371}, "_BFSubcluster.__init__": {"executed_lines": [470, 480, 481, 482, 483, 485, 486], "summary": {"covered_lines": 7, "num_statements": 8, "percent_covered": 87.5, "percent_covered_display": "88", "missing_lines": 1, "excluded_lines": 0, "percent_statements_covered": 87.5, "percent_statements_covered_display": "88"}, "missing_lines": [471], "excluded_lines": [], "start_line": 461}, "_BFSubcluster.empty": {"executed_lines": [490, 491], "summary": {"covered_lines": 2, "num_statements": 2, "percent_covered": 100.0, "percent_covered_display": "100", "missing_lines": 0, "excluded_lines": 0, "percent_statements_covered": 100.0, "percent_statements_covered_display": "100"}, "missing_lines": [], "excluded_lines": [], "start_line": 489}, "_BFSubcluster.from_fingerprint": {"executed_lines": [502, 503, 504, 505, 508, 510, 511, 512, 513, 514], "summary": {"covered_lines": 10, "num_statements": 10, "percent_covered": 100.0, "percent_covered_display": "100", "missing_lines": 0, "excluded_lines": 0, "percent_statements_covered": 100.0, "percent_statements_covered_display": "100"}, "missing_lines": [], "excluded_lines": [], "start_line": 499}, "_BFSubcluster.unpacked_centroid": {"executed_lines": [518], "summary": {"covered_lines": 1, "num_statements": 1, "percent_covered": 100.0, "percent_covered_display": "100", "missing_lines": 0, "excluded_lines": 0, "percent_statements_covered": 100.0, "percent_statements_covered_display": "100"}, "missing_lines": [], "excluded_lines": [], "start_line": 517}, "_BFSubcluster.n_features": {"executed_lines": [522], "summary": {"covered_lines": 1, "num_statements": 1, "percent_covered": 100.0, "percent_covered_display": "100", "missing_lines": 0, "excluded_lines": 0, "percent_statements_covered": 100.0, "percent_statements_covered_display": "100"}, "missing_lines": [], "excluded_lines": [], "start_line": 521}, "_BFSubcluster.dtype_name": {"executed_lines": [526], "summary": {"covered_lines": 1, "num_statements": 1, "percent_covered": 100.0, "percent_covered_display": "100", "missing_lines": 0, "excluded_lines": 0, "percent_statements_covered": 100.0, "percent_statements_covered_display": "100"}, "missing_lines": [], "excluded_lines": [], "start_line": 525}, "_BFSubcluster.linear_sum": {"executed_lines": [530, 531, 532], "summary": {"covered_lines": 3, "num_statements": 3, "percent_covered": 100.0, "percent_covered_display": "100", "missing_lines": 0, "excluded_lines": 0, "percent_statements_covered": 100.0, "percent_statements_covered_display": "100"}, "missing_lines": [], "excluded_lines": [], "start_line": 529}, "_BFSubcluster.n_samples": {"executed_lines": [538], "summary": {"covered_lines": 1, "num_statements": 1, "percent_covered": 100.0, "percent_covered_display": "100", "missing_lines": 0, "excluded_lines": 0, "percent_statements_covered": 100.0, "percent_statements_covered_display": "100"}, "missing_lines": [], "excluded_lines": [], "start_line": 535}, "_BFSubcluster.replace_n_samples_and_linear_sum": {"executed_lines": [546, 548, 549, 550], "summary": {"covered_lines": 4, "num_statements": 4, "percent_covered": 100.0, "percent_covered_display": "100", "missing_lines": 0, "excluded_lines": 0, "percent_statements_covered": 100.0, "percent_statements_covered_display": "100"}, "missing_lines": [], "excluded_lines": [], "start_line": 542}, "_BFSubcluster.add_to_n_samples_and_linear_sum": {"executed_lines": [558, 559, 561, 562, 563], "summary": {"covered_lines": 5, "num_statements": 5, "percent_covered": 100.0, "percent_covered_display": "100", "missing_lines": 0, "excluded_lines": 0, "percent_statements_covered": 100.0, "percent_statements_covered_display": "100"}, "missing_lines": [], "excluded_lines": [], "start_line": 554}, "_BFSubcluster.update": {"executed_lines": [568, 571], "summary": {"covered_lines": 2, "num_statements": 2, "percent_covered": 100.0, "percent_covered_display": "100", "missing_lines": 0, "excluded_lines": 0, "percent_statements_covered": 100.0, "percent_statements_covered_display": "100"}, "missing_lines": [], "excluded_lines": [], "start_line": 567}, "_BFSubcluster.merge_subcluster": {"executed_lines": [580, 581, 582, 583, 584, 587, 588, 599, 600, 601, 602], "summary": {"covered_lines": 11, "num_statements": 11, "percent_covered": 100.0, "percent_covered_display": "100", "missing_lines": 0, "excluded_lines": 0, "percent_statements_covered": 100.0, "percent_statements_covered_display": "100"}, "missing_lines": [], "excluded_lines": [], "start_line": 573}, "BitBirch.__init__": {"executed_lines": [682, 683, 684, 698, 699, 700, 704, 706, 707, 710, 711, 712, 714, 715, 716, 721], "summary": {"covered_lines": 16, "num_statements": 22, "percent_covered": 72.72727272727273, "percent_covered_display": "73", "missing_lines": 6, "excluded_lines": 0, "percent_statements_covered": 72.72727272727273, "percent_statements_covered_display": "73"}, "missing_lines": [686, 687, 691, 692, 696, 701], "excluded_lines": [], "start_line": 673}, "BitBirch.merge_criterion": {"executed_lines": [], "summary": {"covered_lines": 0, "num_statements": 1, "percent_covered": 0.0, "percent_covered_display": "0", "missing_lines": 1, "excluded_lines": 0, "percent_statements_covered": 0.0, "percent_statements_covered_display": "0"}, "missing_lines": [729], "excluded_lines": [], "start_line": 728}, "BitBirch.tolerance": {"executed_lines": [], "summary": {"covered_lines": 0, "num_statements": 1, "percent_covered": 0.0, "percent_covered_display": "0", "missing_lines": 1, "excluded_lines": 0, "percent_statements_covered": 0.0, "percent_statements_covered_display": "0"}, "missing_lines": [740], "excluded_lines": [], "start_line": 739}, "BitBirch.is_init": {"executed_lines": [745], "summary": {"covered_lines": 1, "num_statements": 1, "percent_covered": 100.0, "percent_covered_display": "100", "missing_lines": 0, "excluded_lines": 0, "percent_statements_covered": 100.0, "percent_statements_covered_display": "100"}, "missing_lines": [], "excluded_lines": [], "start_line": 743}, "BitBirch.num_fitted_fps": {"executed_lines": [750], "summary": {"covered_lines": 1, "num_statements": 1, "percent_covered": 100.0, "percent_covered_display": "100", "missing_lines": 0, "excluded_lines": 0, "percent_statements_covered": 100.0, "percent_statements_covered_display": "100"}, "missing_lines": [], "excluded_lines": [], "start_line": 748}, "BitBirch.set_merge": {"executed_lines": [764, 769, 770, 772, 773, 774, 775, 778, 779, 780], "summary": {"covered_lines": 10, "num_statements": 15, "percent_covered": 66.66666666666667, "percent_covered_display": "67", "missing_lines": 5, "excluded_lines": 0, "percent_statements_covered": 66.66666666666667, "percent_statements_covered_display": "67"}, "missing_lines": [765, 771, 776, 777, 781], "excluded_lines": [], "start_line": 752}, "BitBirch.fit": {"executed_lines": [819, 820, 821, 823, 824, 826, 828, 830, 831, 832, 836, 837, 839, 840, 842, 845, 846, 848, 850, 851, 852, 854, 855, 856, 857, 858, 861, 862, 863, 864, 865, 867, 868, 869, 870, 871, 873, 874, 875, 877], "summary": {"covered_lines": 40, "num_statements": 42, "percent_covered": 95.23809523809524, "percent_covered_display": "95", "missing_lines": 2, "excluded_lines": 0, "percent_statements_covered": 95.23809523809524, "percent_statements_covered_display": "95"}, "missing_lines": [829, 876], "excluded_lines": [], "start_line": 783}, "BitBirch._fit_buffers": {"executed_lines": [909, 910, 911, 913, 915, 917, 919, 920, 921, 925, 926, 927, 928, 930, 931, 934, 936, 937, 938, 939, 948, 949, 950, 951, 952, 954, 955, 956, 958], "summary": {"covered_lines": 29, "num_statements": 37, "percent_covered": 78.37837837837837, "percent_covered_display": "78", "missing_lines": 8, "excluded_lines": 0, "percent_statements_covered": 78.37837837837837, "percent_statements_covered_display": "78"}, "missing_lines": [918, 932, 942, 943, 944, 945, 946, 957], "excluded_lines": [], "start_line": 879}, "BitBirch.fit_reinsert": {"executed_lines": [], "summary": {"covered_lines": 0, "num_statements": 1, "percent_covered": 0.0, "percent_covered_display": "0", "missing_lines": 1, "excluded_lines": 0, "percent_statements_covered": 0.0, "percent_statements_covered_display": "0"}, "missing_lines": [970], "excluded_lines": [], "start_line": 961}, "BitBirch._initialize_tree": {"executed_lines": [974, 975, 976], "summary": {"covered_lines": 3, "num_statements": 3, "percent_covered": 100.0, "percent_covered_display": "100", "missing_lines": 0, "excluded_lines": 0, "percent_statements_covered": 100.0, "percent_statements_covered_display": "100"}, "missing_lines": [], "excluded_lines": [], "start_line": 972}, "BitBirch._get_leaves": {"executed_lines": [980, 982, 983, 984, 985], "summary": {"covered_lines": 5, "num_statements": 6, "percent_covered": 83.33333333333333, "percent_covered_display": "83", "missing_lines": 1, "excluded_lines": 0, "percent_statements_covered": 83.33333333333333, "percent_statements_covered_display": "83"}, "missing_lines": [981], "excluded_lines": [], "start_line": 978}, "BitBirch.get_centroids_mol_ids": {"executed_lines": [993, 994, 995, 996, 997, 998, 999], "summary": {"covered_lines": 7, "num_statements": 7, "percent_covered": 100.0, "percent_covered_display": "100", "missing_lines": 0, "excluded_lines": 0, "percent_statements_covered": 100.0, "percent_statements_covered_display": "100"}, "missing_lines": [], "excluded_lines": [], "start_line": 987}, "BitBirch.get_centroids": {"executed_lines": [1009, 1010], "summary": {"covered_lines": 2, "num_statements": 2, "percent_covered": 100.0, "percent_covered_display": "100", "missing_lines": 0, "excluded_lines": 0, "percent_statements_covered": 100.0, "percent_statements_covered_display": "100"}, "missing_lines": [], "excluded_lines": [], "start_line": 1001}, "BitBirch.get_medoids_mol_ids": {"executed_lines": [1026, 1030, 1031, 1032, 1033, 1036, 1037, 1038], "summary": {"covered_lines": 8, "num_statements": 8, "percent_covered": 100.0, "percent_covered_display": "100", "missing_lines": 0, "excluded_lines": 0, "percent_statements_covered": 100.0, "percent_statements_covered_display": "100"}, "missing_lines": [], "excluded_lines": [], "start_line": 1012}, "BitBirch._unpacked_medoids_from_members": {"executed_lines": [1051, 1052, 1053, 1059, 1060, 1061, 1062, 1068], "summary": {"covered_lines": 8, "num_statements": 11, "percent_covered": 72.72727272727273, "percent_covered_display": "73", "missing_lines": 3, "excluded_lines": 0, "percent_statements_covered": 72.72727272727273, "percent_statements_covered_display": "73"}, "missing_lines": [1054, 1055, 1057], "excluded_lines": [], "start_line": 1045}, "BitBirch.get_medoids": {"executed_lines": [1079], "summary": {"covered_lines": 1, "num_statements": 1, "percent_covered": 100.0, "percent_covered_display": "100", "missing_lines": 0, "excluded_lines": 0, "percent_statements_covered": 100.0, "percent_statements_covered_display": "100"}, "missing_lines": [], "excluded_lines": [], "start_line": 1070}, "BitBirch.get_cluster_mol_ids": {"executed_lines": [1087, 1088, 1092, 1097, 1098, 1100], "summary": {"covered_lines": 6, "num_statements": 7, "percent_covered": 85.71428571428571, "percent_covered_display": "86", "missing_lines": 1, "excluded_lines": 0, "percent_statements_covered": 85.71428571428571, "percent_statements_covered_display": "86"}, "missing_lines": [1089], "excluded_lines": [], "start_line": 1083}, "BitBirch._new_ids_from_labels": {"executed_lines": [1109, 1111, 1112, 1113, 1114], "summary": {"covered_lines": 5, "num_statements": 6, "percent_covered": 83.33333333333333, "percent_covered_display": "83", "missing_lines": 1, "excluded_lines": 0, "percent_statements_covered": 83.33333333333333, "percent_statements_covered_display": "83"}, "missing_lines": [1110], "excluded_lines": [], "start_line": 1103}, "BitBirch.get_assignments": {"executed_lines": [1124, 1126, 1131, 1132, 1137, 1138, 1144, 1155, 1156, 1159, 1161], "summary": {"covered_lines": 11, "num_statements": 21, "percent_covered": 52.38095238095238, "percent_covered_display": "52", "missing_lines": 10, "excluded_lines": 0, "percent_statements_covered": 52.38095238095238, "percent_statements_covered_display": "52"}, "missing_lines": [1125, 1127, 1134, 1140, 1145, 1146, 1150, 1151, 1152, 1160], "excluded_lines": [], "start_line": 1116}, "BitBirch.dump_assignments": {"executed_lines": [], "summary": {"covered_lines": 0, "num_statements": 12, "percent_covered": 0.0, "percent_covered_display": "0", "missing_lines": 12, "excluded_lines": 0, "percent_statements_covered": 0.0, "percent_statements_covered_display": "0"}, "missing_lines": [1172, 1174, 1175, 1176, 1177, 1179, 1182, 1183, 1187, 1188, 1189, 1190], "excluded_lines": [], "start_line": 1163}, "BitBirch.reset": {"executed_lines": [1199, 1200, 1201, 1202, 1203, 1204], "summary": {"covered_lines": 6, "num_statements": 6, "percent_covered": 100.0, "percent_covered_display": "100", "missing_lines": 0, "excluded_lines": 0, "percent_statements_covered": 100.0, "percent_statements_covered_display": "100"}, "missing_lines": [], "excluded_lines": [], "start_line": 1192}, "BitBirch.delete_internal_nodes": {"executed_lines": [1215, 1218], "summary": {"covered_lines": 2, "num_statements": 2, "percent_covered": 100.0, "percent_covered_display": "100", "missing_lines": 0, "excluded_lines": 0, "percent_statements_covered": 100.0, "percent_statements_covered_display": "100"}, "missing_lines": [], "excluded_lines": [], "start_line": 1206}, "BitBirch._only_has_leaves": {"executed_lines": [1222], "summary": {"covered_lines": 1, "num_statements": 1, "percent_covered": 100.0, "percent_covered_display": "100", "missing_lines": 0, "excluded_lines": 0, "percent_statements_covered": 100.0, "percent_statements_covered_display": "100"}, "missing_lines": [], "excluded_lines": [], "start_line": 1221}, "BitBirch.recluster_inplace": {"executed_lines": [], "summary": {"covered_lines": 0, "num_statements": 27, "percent_covered": 0.0, "percent_covered_display": "0", "missing_lines": 27, "excluded_lines": 0, "percent_statements_covered": 0.0, "percent_statements_covered_display": "0"}, "missing_lines": [1253, 1254, 1256, 1257, 1259, 1262, 1265, 1266, 1268, 1269, 1272, 1273, 1274, 1276, 1277, 1278, 1281, 1284, 1287, 1290, 1291, 1294, 1295, 1296, 1297, 1298, 1299], "excluded_lines": [], "start_line": 1224}, "BitBirch.refine_inplace": {"executed_lines": [1309, 1312, 1316, 1323, 1326, 1327, 1328], "summary": {"covered_lines": 7, "num_statements": 8, "percent_covered": 87.5, "percent_covered_display": "88", "missing_lines": 1, "excluded_lines": 0, "percent_statements_covered": 87.5, "percent_statements_covered_display": "88"}, "missing_lines": [1310], "excluded_lines": [], "start_line": 1301}, "BitBirch._get_leaf_bfs": {"executed_lines": [1332, 1333, 1335, 1336], "summary": {"covered_lines": 4, "num_statements": 4, "percent_covered": 100.0, "percent_covered_display": "100", "missing_lines": 0, "excluded_lines": 0, "percent_statements_covered": 100.0, "percent_statements_covered_display": "100"}, "missing_lines": [], "excluded_lines": [], "start_line": 1330}, "BitBirch._bf_to_np_refine": {"executed_lines": [1354, 1357, 1360, 1361, 1362, 1363, 1365, 1367, 1368, 1374, 1375, 1377, 1379, 1380, 1381, 1382, 1394, 1395, 1396, 1398, 1399, 1400, 1401, 1402, 1403, 1404], "summary": {"covered_lines": 26, "num_statements": 34, "percent_covered": 76.47058823529412, "percent_covered_display": "76", "missing_lines": 8, "excluded_lines": 0, "percent_statements_covered": 76.47058823529412, "percent_statements_covered_display": "76"}, "missing_lines": [1355, 1358, 1372, 1384, 1385, 1389, 1390, 1391], "excluded_lines": [], "start_line": 1338}, "BitBirch._bf_to_np": {"executed_lines": [1410], "summary": {"covered_lines": 1, "num_statements": 1, "percent_covered": 100.0, "percent_covered_display": "100", "missing_lines": 0, "excluded_lines": 0, "percent_statements_covered": 100.0, "percent_statements_covered_display": "100"}, "missing_lines": [], "excluded_lines": [], "start_line": 1406}, "BitBirch._prepare_bf_to_buffer_dicts": {"executed_lines": [1417, 1418, 1419, 1420, 1421, 1422], "summary": {"covered_lines": 6, "num_statements": 6, "percent_covered": 100.0, "percent_covered_display": "100", "missing_lines": 0, "excluded_lines": 0, "percent_statements_covered": 100.0, "percent_statements_covered_display": "100"}, "missing_lines": [], "excluded_lines": [], "start_line": 1413}, "BitBirch.__repr__": {"executed_lines": [], "summary": {"covered_lines": 0, "num_statements": 5, "percent_covered": 0.0, "percent_covered_display": "0", "missing_lines": 5, "excluded_lines": 0, "percent_statements_covered": 0.0, "percent_statements_covered_display": "0"}, "missing_lines": [1425, 1426, 1431, 1432, 1433], "excluded_lines": [], "start_line": 1424}, "BitBirch.save": {"executed_lines": [], "summary": {"covered_lines": 0, "num_statements": 7, "percent_covered": 0.0, "percent_covered_display": "0", "missing_lines": 7, "excluded_lines": 0, "percent_statements_covered": 0.0, "percent_statements_covered_display": "0"}, "missing_lines": [1439, 1443, 1444, 1445, 1446, 1447, 1448], "excluded_lines": [], "start_line": 1435}, "BitBirch.load": {"executed_lines": [], "summary": {"covered_lines": 0, "num_statements": 10, "percent_covered": 0.0, "percent_covered_display": "0", "missing_lines": 10, "excluded_lines": 0, "percent_statements_covered": 0.0, "percent_statements_covered_display": "0"}, "missing_lines": [1455, 1459, 1460, 1461, 1462, 1463, 1464, 1465, 1466, 1467], "excluded_lines": [], "start_line": 1451}, "BitBirch.global_clustering": {"executed_lines": [1478, 1482, 1484, 1485, 1488, 1489, 1492, 1493], "summary": {"covered_lines": 8, "num_statements": 9, "percent_covered": 88.88888888888889, "percent_covered_display": "89", "missing_lines": 1, "excluded_lines": 0, "percent_statements_covered": 88.88888888888889, "percent_statements_covered_display": "89"}, "missing_lines": [1483], "excluded_lines": [], "start_line": 1469}, "BitBirch._centrals_global_clustering": {"executed_lines": [1507, 1511, 1512, 1514, 1517, 1518, 1526, 1528, 1529, 1539], "summary": {"covered_lines": 10, "num_statements": 19, "percent_covered": 52.63157894736842, "percent_covered_display": "53", "missing_lines": 9, "excluded_lines": 0, "percent_statements_covered": 52.63157894736842, "percent_statements_covered_display": "53"}, "missing_lines": [1508, 1515, 1519, 1523, 1524, 1527, 1530, 1531, 1533], "excluded_lines": [], "start_line": 1496}, "_get_array_iterable": {"executed_lines": [1559, 1562, 1563, 1565, 1566, 1568], "summary": {"covered_lines": 6, "num_statements": 7, "percent_covered": 85.71428571428571, "percent_covered_display": "86", "missing_lines": 1, "excluded_lines": 0, "percent_statements_covered": 85.71428571428571, "percent_statements_covered_display": "86"}, "missing_lines": [1569], "excluded_lines": [], "start_line": 1553}, "_iter_sparse": {"executed_lines": [], "summary": {"covered_lines": 0, "num_statements": 13, "percent_covered": 0.0, "percent_covered_display": "0", "missing_lines": 13, "excluded_lines": 0, "percent_statements_covered": 0.0, "percent_statements_covered_display": "0"}, "missing_lines": [1574, 1576, 1577, 1578, 1579, 1580, 1581, 1582, 1583, 1584, 1585, 1586, 1587], "excluded_lines": [], "start_line": 1573}, "": {"executed_lines": [49, 50, 51, 52, 53, 54, 55, 56, 57, 58, 59, 60, 61, 63, 64, 66, 67, 73, 74, 78, 87, 90, 93, 94, 95, 97, 100, 101, 112, 113, 124, 160, 164, 166, 170, 199, 228, 280, 315, 323, 337, 338, 341, 342, 345, 346, 350, 355, 371, 426, 459, 461, 488, 489, 498, 499, 516, 517, 520, 521, 524, 525, 528, 529, 534, 535, 542, 554, 567, 573, 605, 606, 607, 610, 611, 612, 613, 616, 673, 723, 724, 727, 728, 731, 732, 738, 739, 742, 743, 747, 748, 752, 783, 879, 961, 972, 978, 987, 1001, 1012, 1044, 1045, 1070, 1083, 1102, 1103, 1116, 1163, 1192, 1206, 1220, 1221, 1224, 1301, 1330, 1338, 1406, 1412, 1413, 1424, 1435, 1450, 1451, 1469, 1495, 1496, 1553, 1573], "summary": {"covered_lines": 128, "num_statements": 129, "percent_covered": 99.2248062015504, "percent_covered_display": "99", "missing_lines": 1, "excluded_lines": 0, "percent_statements_covered": 99.2248062015504, "percent_statements_covered_display": "99"}, "missing_lines": [88], "excluded_lines": [], "start_line": 1}}, "classes": {"_BFNode": {"executed_lines": [324, 327, 330, 334, 335, 339, 343, 348, 351, 352, 353, 365, 366, 367, 369, 378, 379, 380, 383, 386, 387, 388, 389, 392, 395, 398, 399, 401, 402, 405, 408, 412, 413, 416, 419, 420, 423], "summary": {"covered_lines": 37, "num_statements": 37, "percent_covered": 100.0, "percent_covered_display": "100", "missing_lines": 0, "excluded_lines": 0, "percent_statements_covered": 100.0, "percent_statements_covered_display": "100"}, "missing_lines": [], "excluded_lines": [], "start_line": 280}, "_BFSubcluster": {"executed_lines": [470, 480, 481, 482, 483, 485, 486, 490, 491, 502, 503, 504, 505, 508, 510, 511, 512, 513, 514, 518, 522, 526, 530, 531, 532, 538, 546, 548, 549, 550, 558, 559, 561, 562, 563, 568, 571, 580, 581, 582, 583, 584, 587, 588, 599, 600, 601, 602], "summary": {"covered_lines": 48, "num_statements": 49, "percent_covered": 97.95918367346938, "percent_covered_display": "98", "missing_lines": 1, "excluded_lines": 0, "percent_statements_covered": 97.95918367346938, "percent_statements_covered_display": "98"}, "missing_lines": [471], "excluded_lines": [], "start_line": 426}, "_CentroidsMolIds": {"executed_lines": [], "summary": {"covered_lines": 0, "num_statements": 0, "percent_covered": 100.0, "percent_covered_display": "100", "missing_lines": 0, "excluded_lines": 0, "percent_statements_covered": 100.0, "percent_statements_covered_display": "100"}, "missing_lines": [], "excluded_lines": [], "start_line": 605}, "_MedoidsMolIds": {"executed_lines": [], "summary": {"covered_lines": 0, "num_statements": 0, "percent_covered": 100.0, "percent_covered_display": "100", "missing_lines": 0, "excluded_lines": 0, "percent_statements_covered": 100.0, "percent_statements_covered_display": "100"}, "missing_lines": [], "excluded_lines": [], "start_line": 610}, "BitBirch": {"executed_lines": [682, 683, 684, 698, 699, 700, 704, 706, 707, 710, 711, 712, 714, 715, 716, 721, 725, 733, 734, 736, 745, 750, 764, 769, 770, 772, 773, 774, 775, 778, 779, 780, 819, 820, 821, 823, 824, 826, 828, 830, 831, 832, 836, 837, 839, 840, 842, 845, 846, 848, 850, 851, 852, 854, 855, 856, 857, 858, 861, 862, 863, 864, 865, 867, 868, 869, 870, 871, 873, 874, 875, 877, 909, 910, 911, 913, 915, 917, 919, 920, 921, 925, 926, 927, 928, 930, 931, 934, 936, 937, 938, 939, 948, 949, 950, 951, 952, 954, 955, 956, 958, 974, 975, 976, 980, 982, 983, 984, 985, 993, 994, 995, 996, 997, 998, 999, 1009, 1010, 1026, 1030, 1031, 1032, 1033, 1036, 1037, 1038, 1051, 1052, 1053, 1059, 1060, 1061, 1062, 1068, 1079, 1087, 1088, 1092, 1097, 1098, 1100, 1109, 1111, 1112, 1113, 1114, 1124, 1126, 1131, 1132, 1137, 1138, 1144, 1155, 1156, 1159, 1161, 1199, 1200, 1201, 1202, 1203, 1204, 1215, 1218, 1222, 1309, 1312, 1316, 1323, 1326, 1327, 1328, 1332, 1333, 1335, 1336, 1354, 1357, 1360, 1361, 1362, 1363, 1365, 1367, 1368, 1374, 1375, 1377, 1379, 1380, 1381, 1382, 1394, 1395, 1396, 1398, 1399, 1400, 1401, 1402, 1403, 1404, 1410, 1417, 1418, 1419, 1420, 1421, 1422, 1478, 1482, 1484, 1485, 1488, 1489, 1492, 1493, 1507, 1511, 1512, 1514, 1517, 1518, 1526, 1528, 1529, 1539], "summary": {"covered_lines": 228, "num_statements": 349, "percent_covered": 65.32951289398281, "percent_covered_display": "65", "missing_lines": 121, "excluded_lines": 0, "percent_statements_covered": 65.32951289398281, "percent_statements_covered_display": "65"}, "missing_lines": [686, 687, 691, 692, 696, 701, 729, 735, 740, 765, 771, 776, 777, 781, 829, 876, 918, 932, 942, 943, 944, 945, 946, 957, 970, 981, 1054, 1055, 1057, 1089, 1110, 1125, 1127, 1134, 1140, 1145, 1146, 1150, 1151, 1152, 1160, 1172, 1174, 1175, 1176, 1177, 1179, 1182, 1183, 1187, 1188, 1189, 1190, 1253, 1254, 1256, 1257, 1259, 1262, 1265, 1266, 1268, 1269, 1272, 1273, 1274, 1276, 1277, 1278, 1281, 1284, 1287, 1290, 1291, 1294, 1295, 1296, 1297, 1298, 1299, 1310, 1355, 1358, 1372, 1384, 1385, 1389, 1390, 1391, 1425, 1426, 1431, 1432, 1433, 1439, 1443, 1444, 1445, 1446, 1447, 1448, 1455, 1459, 1460, 1461, 1462, 1463, 1464, 1465, 1466, 1467, 1483, 1508, 1515, 1519, 1523, 1524, 1527, 1530, 1531, 1533], "excluded_lines": [], "start_line": 616}, "": {"executed_lines": [49, 50, 51, 52, 53, 54, 55, 56, 57, 58, 59, 60, 61, 63, 64, 66, 67, 73, 74, 78, 87, 90, 93, 94, 95, 97, 100, 101, 112, 113, 124, 138, 139, 144, 145, 148, 149, 152, 153, 155, 160, 164, 166, 170, 199, 202, 203, 204, 205, 206, 208, 209, 213, 215, 216, 217, 225, 228, 238, 239, 240, 241, 243, 244, 245, 246, 248, 251, 252, 253, 254, 257, 260, 267, 268, 269, 270, 271, 272, 273, 275, 276, 277, 280, 315, 323, 337, 338, 341, 342, 345, 346, 350, 355, 371, 426, 459, 461, 488, 489, 498, 499, 516, 517, 520, 521, 524, 525, 528, 529, 534, 535, 542, 554, 567, 573, 605, 606, 607, 610, 611, 612, 613, 616, 673, 723, 724, 727, 728, 731, 732, 738, 739, 742, 743, 747, 748, 752, 783, 879, 961, 972, 978, 987, 1001, 1012, 1044, 1045, 1070, 1083, 1102, 1103, 1116, 1163, 1192, 1206, 1220, 1221, 1224, 1301, 1330, 1338, 1406, 1412, 1413, 1424, 1435, 1450, 1451, 1469, 1495, 1496, 1553, 1559, 1562, 1563, 1565, 1566, 1568, 1573], "summary": {"covered_lines": 180, "num_statements": 210, "percent_covered": 85.71428571428571, "percent_covered_display": "86", "missing_lines": 30, "excluded_lines": 0, "percent_statements_covered": 85.71428571428571, "percent_statements_covered_display": "86"}, "missing_lines": [88, 109, 121, 140, 141, 142, 143, 146, 154, 183, 190, 193, 194, 195, 210, 218, 1569, 1574, 1576, 1577, 1578, 1579, 1580, 1581, 1582, 1583, 1584, 1585, 1586, 1587], "excluded_lines": [], "start_line": 1}}}, "bblean/cli.py": {"executed_lines": [3, 4, 5, 6, 7, 8, 9, 10, 11, 12, 13, 14, 16, 18, 19, 20, 21, 23, 32, 33, 34, 36, 37, 38, 39, 42, 43, 44, 46, 54, 55, 56, 58, 59, 63, 64, 77, 80, 81, 157, 158, 339, 340, 434, 435, 471, 473, 475, 476, 478, 496, 497, 552, 554, 556, 557, 559, 567, 585, 586, 626, 628, 630, 631, 633, 651, 652, 752, 754, 756, 757, 759, 771, 789, 790, 844, 846, 848, 849, 850, 852, 871, 872, 910, 911, 1042, 1043, 1045, 1046, 1048, 1049, 1050, 1052, 1053, 1055, 1058, 1065, 1066, 1069, 1072, 1073, 1074, 1075, 1080, 1081, 1082, 1084, 1085, 1086, 1088, 1089, 1090, 1093, 1096, 1097, 1098, 1102, 1108, 1109, 1111, 1117, 1137, 1138, 1139, 1145, 1146, 1148, 1149, 1154, 1155, 1156, 1157, 1158, 1163, 1164, 1167, 1168, 1169, 1173, 1174, 1180, 1181, 1362, 1363, 1364, 1366, 1369, 1372, 1373, 1379, 1381, 1383, 1386, 1387, 1388, 1391, 1395, 1396, 1398, 1399, 1400, 1402, 1403, 1404, 1407, 1410, 1437, 1439, 1442, 1443, 1444, 1448, 1449, 1452, 1453, 1680, 1681, 1940, 1941, 1948, 1949, 1951, 1952, 1955, 1956, 1957, 1958, 1960, 1965, 1966, 2067, 2069, 2070, 2071, 2072, 2079, 2081, 2083, 2085, 2089, 2091, 2095, 2096, 2097, 2098, 2102, 2103, 2104, 2105, 2108, 2110, 2111, 2119, 2121, 2122, 2125, 2126, 2128, 2134, 2137, 2138, 2141, 2153, 2154, 2155, 2174, 2175, 2179, 2180, 2183, 2184, 2185, 2186, 2197, 2200, 2203, 2204, 2210, 2211, 2212, 2213, 2214, 2215, 2216, 2217, 2218, 2219, 2222, 2224, 2225, 2226, 2228, 2229, 2230, 2231, 2234, 2235, 2308, 2309, 2364, 2365, 2405, 2406, 2479, 2480, 2536, 2537], "summary": {"covered_lines": 267, "num_statements": 726, "percent_covered": 36.77685950413223, "percent_covered_display": "37", "missing_lines": 459, "excluded_lines": 0, "percent_statements_covered": 36.77685950413223, "percent_statements_covered_display": "37"}, "missing_lines": [45, 47, 48, 50, 57, 60, 96, 97, 99, 101, 103, 105, 106, 108, 109, 111, 112, 113, 114, 115, 116, 117, 118, 120, 121, 122, 123, 124, 125, 126, 127, 128, 130, 132, 133, 134, 135, 136, 137, 138, 139, 140, 141, 143, 144, 145, 146, 147, 148, 150, 151, 152, 153, 154, 222, 223, 224, 225, 226, 227, 229, 231, 232, 233, 234, 235, 236, 237, 238, 239, 241, 245, 246, 247, 248, 249, 253, 254, 263, 264, 265, 266, 267, 268, 269, 270, 271, 272, 273, 274, 275, 276, 277, 278, 279, 280, 281, 282, 283, 284, 285, 286, 287, 288, 289, 292, 293, 294, 297, 300, 301, 302, 303, 304, 305, 306, 307, 308, 310, 311, 312, 314, 315, 316, 325, 326, 327, 328, 329, 330, 331, 332, 333, 334, 335, 336, 377, 379, 381, 382, 383, 389, 390, 391, 392, 393, 394, 395, 397, 398, 415, 897, 898, 900, 901, 902, 905, 906, 907, 1047, 1051, 1059, 1060, 1061, 1064, 1071, 1076, 1083, 1094, 1099, 1100, 1118, 1123, 1124, 1128, 1129, 1132, 1133, 1134, 1135, 1140, 1141, 1144, 1150, 1151, 1152, 1160, 1161, 1170, 1171, 1370, 1371, 1375, 1380, 1389, 1397, 1408, 1445, 1446, 1599, 1600, 1601, 1603, 1606, 1607, 1608, 1609, 1610, 1612, 1615, 1616, 1617, 1618, 1621, 1622, 1623, 1624, 1626, 1629, 1630, 1631, 1632, 1633, 1634, 1636, 1637, 1638, 1639, 1640, 1641, 1642, 1643, 1646, 1647, 1650, 1674, 1675, 1677, 1855, 1856, 1857, 1859, 1862, 1863, 1864, 1865, 1866, 1868, 1871, 1872, 1873, 1874, 1877, 1878, 1879, 1880, 1882, 1885, 1886, 1887, 1888, 1889, 1890, 1892, 1893, 1894, 1895, 1896, 1897, 1898, 1899, 1902, 1903, 1906, 1934, 1935, 1937, 1953, 1959, 1961, 1962, 2084, 2086, 2087, 2099, 2100, 2101, 2107, 2114, 2115, 2118, 2120, 2131, 2132, 2140, 2157, 2161, 2162, 2168, 2169, 2170, 2171, 2182, 2265, 2266, 2268, 2269, 2270, 2271, 2272, 2273, 2274, 2275, 2276, 2277, 2278, 2280, 2283, 2285, 2286, 2287, 2288, 2289, 2290, 2293, 2294, 2295, 2296, 2298, 2300, 2301, 2302, 2303, 2327, 2328, 2330, 2332, 2333, 2334, 2338, 2339, 2340, 2341, 2342, 2343, 2344, 2347, 2348, 2349, 2350, 2351, 2352, 2353, 2354, 2355, 2356, 2357, 2361, 2375, 2376, 2378, 2380, 2381, 2382, 2383, 2384, 2385, 2386, 2387, 2388, 2389, 2390, 2391, 2392, 2393, 2397, 2398, 2399, 
[...]
t_covered": 0.0, "percent_covered_display": "0", "missing_lines": 1, "excluded_lines": 0, "percent_statements_covered": 0.0, "percent_statements_covered_display": "0"}, "missing_lines": [180], "excluded_lines": [], "start_line": 174}, "jt_isim_radius": {"executed_lines": [], "summary": {"covered_lines": 0, "num_statements": 1, "percent_covered": 0.0, "percent_covered_display": "0", "missing_lines": 1, "excluded_lines": 0, "percent_statements_covered": 0.0, "percent_statements_covered_display": "0"}, "missing_lines": [200], "excluded_lines": [], "start_line": 194}, "jt_isim_radius_compl": {"executed_lines": [], "summary": {"covered_lines": 0, "num_statements": 1, "percent_covered": 0.0, "percent_covered_display": "0", "missing_lines": 1, "excluded_lines": 0, "percent_statements_covered": 0.0, "percent_statements_covered_display": "0"}, "missing_lines": [220], "excluded_lines": [], "start_line": 214}, "jt_isim_radius_compl_from_sum": {"executed_lines": [239, 240, 241, 242, 243, 244], "summary": {"covered_lines": 6, "num_statements": 6, "percent_covered": 100.0, "percent_covered_display": "100", "missing_lines": 0, "excluded_lines": 0, "percent_statements_covered": 100.0, "percent_statements_covered_display": "100"}, "missing_lines": [], "excluded_lines": [], "start_line": 234}, "jt_isim_radius_from_sum": {"executed_lines": [], "summary": {"covered_lines": 0, "num_statements": 1, "percent_covered": 0.0, "percent_covered_display": "0", "missing_lines": 1, "excluded_lines": 0, "percent_statements_covered": 0.0, "percent_statements_covered_display": "0"}, "missing_lines": [249], "excluded_lines": [], "start_line": 247}, "jt_isim_diameter_from_sum": {"executed_lines": [], "summary": {"covered_lines": 0, "num_statements": 1, "percent_covered": 0.0, "percent_covered_display": "0", "missing_lines": 1, "excluded_lines": 0, "percent_statements_covered": 0.0, "percent_statements_covered_display": "0"}, "missing_lines": [256], "excluded_lines": [], "start_line": 252}, "jt_sim_packed": {"executed_lines": [270, 271, 272, 273, 274, 275], "summary": {"covered_lines": 6, "num_statements": 7, "percent_covered": 85.71428571428571, "percent_covered_display": "86", "missing_lines": 1, "excluded_lines": 0, "percent_statements_covered": 85.71428571428571, "percent_statements_covered_display": "86"}, "missing_lines": [276], "excluded_lines": [], "start_line": 260}, "jt_sim_matrix_packed": {"executed_lines": [283, 284, 286, 288, 289], "summary": {"covered_lines": 5, "num_statements": 5, "percent_covered": 100.0, "percent_covered_display": "100", "missing_lines": 0, "excluded_lines": 0, "percent_statements_covered": 100.0, "percent_statements_covered_display": "100"}, "missing_lines": [], "excluded_lines": [], "start_line": 281}, "estimate_jt_std": {"executed_lines": [306, 307, 312, 316, 317, 320, 323, 324, 325, 328, 329, 330, 331, 332, 333], "summary": {"covered_lines": 15, "num_statements": 20, "percent_covered": 75.0, "percent_covered_display": "75", "missing_lines": 5, "excluded_lines": 0, "percent_statements_covered": 75.0, "percent_statements_covered_display": "75"}, "missing_lines": [308, 309, 310, 311, 319], "excluded_lines": [], "start_line": 292}, "jt_stratified_sampling": {"executed_lines": [355, 356, 357, 358, 360, 362, 364], "summary": {"covered_lines": 7, "num_statements": 7, "percent_covered": 100.0, "percent_covered_display": "100", "missing_lines": 0, "excluded_lines": 0, "percent_statements_covered": 100.0, "percent_statements_covered_display": "100"}, "missing_lines": [], "excluded_lines": [], "start_line": 336}, "": {"executed_lines": [3, 4, 6, 7, 12, 37, 38, 43, 53, 54, 90, 91, 100, 106, 136, 174, 194, 214, 234, 247, 252, 260, 281, 292, 336], "summary": {"covered_lines": 25, "num_statements": 34, "percent_covered": 73.52941176470588, "percent_covered_display": "74", "missing_lines": 9, "excluded_lines": 0, "percent_statements_covered": 73.52941176470588, "percent_statements_covered_display": "74"}, "missing_lines": [44, 66, 68, 69, 72, 75, 79, 80, 88], "excluded_lines": [], "start_line": 1}}, "classes": {"": {"executed_lines": [3, 4, 6, 7, 12, 37, 38, 43, 53, 54, 90, 91, 100, 106, 121, 123, 124, 126, 127, 129, 130, 131, 132, 133, 136, 169, 170, 174, 194, 214, 234, 239, 240, 241, 242, 243, 244, 247, 252, 260, 270, 271, 272, 273, 274, 275, 281, 283, 284, 286, 288, 289, 292, 306, 307, 312, 316, 317, 320, 323, 324, 325, 328, 329, 330, 331, 332, 333, 336, 355, 356, 357, 358, 360, 362, 364], "summary": {"covered_lines": 76, "num_statements": 98, "percent_covered": 77.55102040816327, "percent_covered_display": "78", "missing_lines": 22, "excluded_lines": 0, "percent_statements_covered": 77.55102040816327, "percent_statements_covered_display": "78"}, "missing_lines": [44, 66, 68, 69, 72, 75, 79, 80, 88, 122, 171, 180, 200, 220, 249, 256, 276, 308, 309, 310, 311, 319], "excluded_lines": [], "start_line": 1}}}, "bblean/sklearn.py": {"executed_lines": [8, 9, 10, 11, 13, 14, 15, 23, 24, 25, 27, 51, 65, 67, 76, 82, 84, 85, 88, 89, 92, 93, 94, 95, 96, 97, 99, 100, 107, 109, 110, 111, 112, 115, 118, 119, 121, 123, 127, 128, 129, 135, 136, 137, 139, 145, 146, 147, 152, 153, 155, 156, 157, 158, 161, 168, 171, 173, 176, 180, 183, 187, 193, 197, 200], "summary": {"covered_lines": 65, "num_statements": 67, "percent_covered": 97.01492537313433, "percent_covered_display": "97", "missing_lines": 2, "excluded_lines": 0, "percent_statements_covered": 97.01492537313433, "percent_statements_covered_display": "97"}, "missing_lines": [108, 120], "excluded_lines": [], "functions": {"BitBirch.__init__": {"executed_lines": [76, 82], "summary": {"covered_lines": 2, "num_statements": 2, "percent_covered": 100.0, "percent_covered_display": "100", "missing_lines": 0, "excluded_lines": 0, "percent_statements_covered": 100.0, "percent_statements_covered_display": "100"}, "missing_lines": [], "excluded_lines": [], "start_line": 67}, "BitBirch.fit": {"executed_lines": [88, 89, 92, 93, 94, 95, 96, 97], "summary": {"covered_lines": 8, "num_statements": 8, "percent_covered": 100.0, "percent_covered_display": "100", "missing_lines": 0, "excluded_lines": 0, "percent_statements_covered": 100.0, "percent_statements_covered_display": "100"}, "missing_lines": [], "excluded_lines": [], "start_line": 85}, "BitBirch.partial_fit": {"executed_lines": [107, 109, 110, 111, 112], "summary": {"covered_lines": 5, "num_statements": 6, "percent_covered": 83.33333333333333, "percent_covered_display": "83", "missing_lines": 1, "excluded_lines": 0, "percent_statements_covered": 83.33333333333333, "percent_statements_covered_display": "83"}, "missing_lines": [108], "excluded_lines": [], "start_line": 100}, "BitBirch.fit_predict": {"executed_lines": [118, 119, 121], "summary": {"covered_lines": 3, "num_statements": 4, "percent_covered": 75.0, "percent_covered_display": "75", "missing_lines": 1, "excluded_lines": 0, "percent_statements_covered": 75.0, "percent_statements_covered_display": "75"}, "missing_lines": [120], "excluded_lines": [], "start_line": 115}, "BitBirch.predict": {"executed_lines": [127, 128, 129, 135, 136, 137], "summary": {"covered_lines": 6, "num_statements": 6, "percent_covered": 100.0, "percent_covered_display": "100", "missing_lines": 0, "excluded_lines": 0, "percent_statements_covered": 100.0, "percent_statements_covered_display": "100"}, "missing_lines": [], "excluded_lines": [], "start_line": 123}, "BitBirch.transform": {"executed_lines": [145, 146, 147, 152, 153], "summary": {"covered_lines": 5, "num_statements": 5, "percent_covered": 100.0, "percent_covered_display": "100", "missing_lines": 0, "excluded_lines": 0, "percent_statements_covered": 100.0, "percent_statements_covered_display": "100"}, "missing_lines": [], "excluded_lines": [], "start_line": 139}, "BitBirch.__sklearn_tags__": {"executed_lines": [156, 157, 158], "summary": {"covered_lines": 3, "num_statements": 3, "percent_covered": 100.0, "percent_covered_display": "100", "missing_lines": 0, "excluded_lines": 0, "percent_statements_covered": 100.0, "percent_statements_covered_display": "100"}, "missing_lines": [], "excluded_lines": [], "start_line": 155}, "UnpackedBitBirch.fit": {"executed_lines": [171], "summary": {"covered_lines": 1, "num_statements": 1, "percent_covered": 100.0, "percent_covered_display": "100", "missing_lines": 0, "excluded_lines": 0, "percent_statements_covered": 100.0, "percent_statements_covered_display": "100"}, "missing_lines": [], "excluded_lines": [], "start_line": 168}, "UnpackedBitBirch.partial_fit": {"executed_lines": [176], "summary": {"covered_lines": 1, "num_statements": 1, "percent_covered": 100.0, "percent_covered_display": "100", "missing_lines": 0, "excluded_lines": 0, "percent_statements_covered": 100.0, "percent_statements_covered_display": "100"}, "missing_lines": [], "excluded_lines": [], "start_line": 173}, "UnpackedBitBirch.fit_predict": {"executed_lines": [183], "summary": {"covered_lines": 1, "num_statements": 1, "percent_covered": 100.0, "percent_covered_display": "100", "missing_lines": 0, "excluded_lines": 0, "percent_statements_covered": 100.0, "percent_statements_covered_display": "100"}, "missing_lines": [], "excluded_lines": [], "start_line": 180}, "UnpackedBitBirch.predict": {"executed_lines": [193], "summary": {"covered_lines": 1, "num_statements": 1, "percent_covered": 100.0, "percent_covered_display": "100", "missing_lines": 0, "excluded_lines": 0, "percent_statements_covered": 100.0, "percent_statements_covered_display": "100"}, "missing_lines": [], "excluded_lines": [], "start_line": 187}, "UnpackedBitBirch.transform": {"executed_lines": [200], "summary": {"covered_lines": 1, "num_statements": 1, "percent_covered": 100.0, "percent_covered_display": "100", "missing_lines": 0, "excluded_lines": 0, "percent_statements_covered": 100.0, "percent_statements_covered_display": "100"}, "missing_lines": [], "excluded_lines": [], "start_line": 197}, "": {"executed_lines": [8, 9, 10, 11, 13, 14, 15, 23, 24, 25, 27, 51, 65, 67, 84, 85, 99, 100, 115, 123, 139, 155, 161, 168, 173, 180, 187, 197], "summary": {"covered_lines": 28, "num_statements": 28, "percent_covered": 100.0, "percent_covered_display": "100", "missing_lines": 0, "excluded_lines": 0, "percent_statements_covered": 100.0, "percent_statements_covered_display": "100"}, "missing_lines": [], "excluded_lines": [], "start_line": 1}}, "classes": {"BitBirch": {"executed_lines": [76, 82, 88, 89, 92, 93, 94, 95, 96, 97, 107, 109, 110, 111, 112, 118, 119, 121, 127, 128, 129, 135, 136, 137, 145, 146, 147, 152, 153, 156, 157, 158], "summary": {"covered_lines": 32, "num_statements": 34, "percent_covered": 94.11764705882354, "percent_covered_display": "94", "missing_lines": 2, "excluded_lines": 0, "percent_statements_covered": 94.11764705882354, "percent_statements_covered_display": "94"}, "missing_lines": [108, 120], "excluded_lines": [], "start_line": 51}, "UnpackedBitBirch": {"executed_lines": [171, 176, 183, 193, 200], "summary": {"covered_lines": 5, "num_statements": 5, "percent_covered": 100.0, "percent_covered_display": "100", "missing_lines": 0, "excluded_lines": 0, "percent_statements_covered": 100.0, "percent_statements_covered_display": "100"}, "missing_lines": [], "excluded_lines": [], "start_line": 161}, "": {"executed_lines": [8, 9, 10, 11, 13, 14, 15, 23, 24, 25, 27, 51, 65, 67, 84, 85, 99, 100, 115, 123, 139, 155, 161, 168, 173, 180, 187, 197], "summary": {"covered_lines": 28, "num_statements": 28, "percent_covered": 100.0, "percent_covered_display": "100", "missing_lines": 0, "excluded_lines": 0, "percent_statements_covered": 100.0, "percent_statements_covered_display": "100"}, "missing_lines": [], "excluded_lines": [], "start_line": 1}}}, "bblean/smiles.py": {"executed_lines": [3, 4, 5, 6, 8, 10, 16, 19, 21, 22, 23, 25, 26, 29, 31, 36, 46, 47, 48, 49, 50, 51, 55, 59, 66, 69, 76, 77, 80, 81, 82, 83, 84, 85, 88], "summary": {"covered_lines": 35, "num_statements": 41, "percent_covered": 85.36585365853658, "percent_covered_display": "85", "missing_lines": 6, "excluded_lines": 0, "percent_statements_covered": 85.36585365853658, "percent_statements_covered_display": "85"}, "missing_lines": [24, 52, 56, 60, 79, 94], "excluded_lines": [], "functions": {"load_smiles": {"executed_lines": [21, 22, 23, 25, 26], "summary": {"covered_lines": 5, "num_statements": 6, "percent_covered": 83.33333333333333, "percent_covered_display": "83", "missing_lines": 1, "excluded_lines": 0, "percent_statements_covered": 83.33333333333333, "percent_statements_covered_display": "83"}, "missing_lines": [24], "excluded_lines": [], "start_line": 19}, "calc_num_smiles": {"executed_lines": [31], "summary": {"covered_lines": 1, "num_statements": 1, "percent_covered": 100.0, "percent_covered_display": "100", "missing_lines": 0, "excluded_lines": 0, "percent_statements_covered": 100.0, "percent_statements_covered_display": "100"}, "missing_lines": [], "excluded_lines": [], "start_line": 29}, "iter_smiles_from_paths": {"executed_lines": [46, 47, 48, 49, 50, 51, 55, 59, 66], "summary": {"covered_lines": 9, "num_statements": 12, "percent_covered": 75.0, "percent_covered_display": "75", "missing_lines": 3, "excluded_lines": 0, "percent_statements_covered": 75.0, "percent_statements_covered_display": "75"}, "missing_lines": [52, 56, 60], "excluded_lines": [], "start_line": 36}, "_iter_ranges_and_smiles_batches": {"executed_lines": [76, 77, 80, 81, 82, 83, 84, 85], "summary": {"covered_lines": 8, "num_statements": 9, "percent_covered": 88.88888888888889, "percent_covered_display": "89", "missing_lines": 1, "excluded_lines": 0, "percent_statements_covered": 88.88888888888889, "percent_statements_covered_display": "89"}, "missing_lines": [79], "excluded_lines": [], "start_line": 69}, "_iter_idxs_and_smiles_batches": {"executed_lines": [], "summary": {"covered_lines": 0, "num_statements": 1, "percent_covered": 0.0, "percent_covered_display": "0", "missing_lines": 1, "excluded_lines": 0, "percent_statements_covered": 0.0, "percent_statements_covered_display": "0"}, "missing_lines": [94], "excluded_lines": [], "start_line": 88}, "": {"executed_lines": [3, 4, 5, 6, 8, 10, 16, 19, 29, 36, 69, 88], "summary": {"covered_lines": 12, "num_statements": 12, "percent_covered": 100.0, "percent_covered_display": "100", "missing_lines": 0, "excluded_lines": 0, "percent_statements_covered": 100.0, "percent_statements_covered_display": "100"}, "missing_lines": [], "excluded_lines": [], "start_line": 1}}, "classes": {"": {"executed_lines": [3, 4, 5, 6, 8, 10, 16, 19, 21, 22, 23, 25, 26, 29, 31, 36, 46, 47, 48, 49, 50, 51, 55, 59, 66, 69, 76, 77, 80, 81, 82, 83, 84, 85, 88], "summary": {"covered_lines": 35, "num_statements": 41, "percent_covered": 85.36585365853658, "percent_covered_display": "85", "missing_lines": 6, "excluded_lines": 0, "percent_statements_covered": 85.36585365853658, "percent_statements_covered_display": "85"}, "missing_lines": [24, 52, 56, 60, 79, 94], "excluded_lines": [], "start_line": 1}}}, "bblean/utils.py": {"executed_lines": [3, 4, 5, 6, 7, 8, 9, 10, 12, 13, 15, 22, 25, 30, 32, 33, 34, 38, 44, 46, 47, 48, 51, 54, 56, 58, 66, 67, 68, 71, 72, 75, 78, 79, 90, 91, 92, 93, 94, 100, 111, 113, 115, 116, 119, 120, 123, 125, 126, 129, 130], "summary": {"covered_lines": 51, "num_statements": 73, "percent_covered": 69.86301369863014, "percent_covered_display": "70", "missing_lines": 22, "excluded_lines": 0, "percent_statements_covered": 69.86301369863014, "percent_statements_covered_display": "70"}, "missing_lines": [45, 55, 59, 61, 62, 64, 74, 80, 81, 87, 88, 97, 101, 102, 103, 104, 106, 107, 108, 114, 118, 128], "excluded_lines": [], "functions": {"min_safe_uint": {"executed_lines": [30, 32, 33, 34], "summary": {"covered_lines": 4, "num_statements": 4, "percent_covered": 100.0, "percent_covered_display": "100", "missing_lines": 0, "excluded_lines": 0, "percent_statements_covered": 100.0, "percent_statements_covered_display": "100"}, "missing_lines": [], "excluded_lines": [], "start_line": 25}, "batched": {"executed_lines": [44, 46, 47, 48], "summary": {"covered_lines": 4, "num_statements": 5, "percent_covered": 80.0, "percent_covered_display": "80", "missing_lines": 1, "excluded_lines": 0, "percent_statements_covered": 80.0, "percent_statements_covered_display": "80"}, "missing_lines": [45], "excluded_lines": [], "start_line": 38}, "_import_bitbirch_variant": {"executed_lines": [54, 56, 58, 66, 67, 68], "summary": {"covered_lines": 6, "num_statements": 11, "percent_covered": 54.54545454545455, "percent_covered_display": "55", "missing_lines": 5, "excluded_lines": 0, "percent_statements_covered": 54.54545454545455, "percent_statements_covered_display": "55"}, "missing_lines": [55, 59, 61, 62, 64], "excluded_lines": [], "start_line": 51}, "_num_avail_cpus": {"executed_lines": [72, 75], "summary": {"covered_lines": 2, "num_statements": 3, "percent_covered": 66.66666666666667, "percent_covered_display": "67", "missing_lines": 1, "excluded_lines": 0, "percent_statements_covered": 66.66666666666667, "percent_statements_covered_display": "67"}, "missing_lines": [74], "excluded_lines": [], "start_line": 71}, "_cpu_name": {"executed_lines": [79, 90, 91, 92, 93, 94], "summary": {"covered_lines": 6, "num_statements": 11, "percent_covered": 54.54545454545455, "percent_covered_display": "55", "missing_lines": 5, "excluded_lines": 0, "percent_statements_covered": 54.54545454545455, "percent_statements_covered_display": "55"}, "missing_lines": [80, 81, 87, 88, 97], "excluded_lines": [], "start_line": 78}, "_has_files_or_valid_symlinks": {"executed_lines": [], "summary": {"covered_lines": 0, "num_statements": 7, "percent_covered": 0.0, "percent_covered_display": "0", "missing_lines": 7, "excluded_lines": 0, "percent_statements_covered": 0.0, "percent_statements_covered_display": "0"}, "missing_lines": [101, 102, 103, 104, 106, 107, 108], "excluded_lines": [], "start_line": 100}, "cpp_extensions_are_enabled": {"executed_lines": [113, 115, 116, 119, 120], "summary": {"covered_lines": 5, "num_statements": 7, "percent_covered": 71.42857142857143, "percent_covered_display": "71", "missing_lines": 2, "excluded_lines": 0, "percent_statements_covered": 71.42857142857143, "percent_statements_covered_display": "71"}, "missing_lines": [114, 118], "excluded_lines": [], "start_line": 111}, "cpp_extensions_are_installed": {"executed_lines": [125, 126, 129, 130], "summary": {"covered_lines": 4, "num_statements": 5, "percent_covered": 80.0, "percent_covered_display": "80", "missing_lines": 1, "excluded_lines": 0, "percent_statements_covered": 80.0, "percent_statements_covered_display": "80"}, "missing_lines": [128], "excluded_lines": [], "start_line": 123}, "": {"executed_lines": [3, 4, 5, 6, 7, 8, 9, 10, 12, 13, 15, 22, 25, 38, 51, 71, 78, 100, 111, 123], "summary": {"covered_lines": 20, "num_statements": 20, "percent_covered": 100.0, "percent_covered_display": "100", "missing_lines": 0, "excluded_lines": 0, "percent_statements_covered": 100.0, "percent_statements_covered_display": "100"}, "missing_lines": [], "excluded_lines": [], "start_line": 1}}, "classes": {"": {"executed_lines": [3, 4, 5, 6, 7, 8, 9, 10, 12, 13, 15, 22, 25, 30, 32, 33, 34, 38, 44, 46, 47, 48, 51, 54, 56, 58, 66, 67, 68, 71, 72, 75, 78, 79, 90, 91, 92, 93, 94, 100, 111, 113, 115, 116, 119, 120, 123, 125, 126, 129, 130], "summary": {"covered_lines": 51, "num_statements": 73, "percent_covered": 69.86301369863014, "percent_covered_display": "70", "missing_lines": 22, "excluded_lines": 0, "percent_statements_covered": 69.86301369863014, "percent_statements_covered_display": "70"}, "missing_lines": [45, 55, 59, 61, 62, 64, 74, 80, 81, 87, 88, 97, 101, 102, 103, 104, 106, 107, 108, 114, 118, 128], "excluded_lines": [], "start_line": 1}}}}, "totals": {"covered_lines": 2142, "num_statements": 3729, "percent_covered": 57.44167337087691, "percent_covered_display": "57", "missing_lines": 1587, "excluded_lines": 0, "percent_statements_covered": 57.44167337087691, "percent_statements_covered_display": "57"}}